127.0.0.1 -  27/Jun/2025:17:31:28 +0800 "GET /index.php" 302
127.0.0.1 -  27/Jun/2025:17:31:45 +0800 "HEAD /index.php" 302
127.0.0.1 -  27/Jun/2025:17:31:58 +0800 "GET /index.php" 302
127.0.0.1 -  27/Jun/2025:17:32:22 +0800 "GET /index.php" 302
127.0.0.1 -  27/Jun/2025:17:32:22 +0800 "GET /install/index.php" 200
127.0.0.1 -  27/Jun/2025:17:32:28 +0800 "GET /index.php" 302
127.0.0.1 -  27/Jun/2025:17:32:58 +0800 "GET /index.php" 302
127.0.0.1 -  27/Jun/2025:17:33:28 +0800 "GET /index.php" 302
127.0.0.1 -  27/Jun/2025:17:33:51 +0800 "GET /index.php" 302
127.0.0.1 -  27/Jun/2025:17:33:51 +0800 "GET /install/index.php" 200
127.0.0.1 -  27/Jun/2025:17:33:58 +0800 "GET /index.php" 302
127.0.0.1 -  27/Jun/2025:17:34:04 +0800 "POST /install/index.php" 200
127.0.0.1 -  27/Jun/2025:17:34:28 +0800 "GET /index.php" 302
127.0.0.1 -  27/Jun/2025:17:34:58 +0800 "GET /index.php" 302
127.0.0.1 -  27/Jun/2025:17:35:28 +0800 "GET /index.php" 302
127.0.0.1 -  27/Jun/2025:17:35:58 +0800 "GET /index.php" 302
127.0.0.1 -  27/Jun/2025:17:36:28 +0800 "GET /index.php" 302
127.0.0.1 -  27/Jun/2025:17:36:58 +0800 "GET /index.php" 302
127.0.0.1 -  27/Jun/2025:17:37:29 +0800 "GET /index.php" 302
127.0.0.1 -  27/Jun/2025:17:37:59 +0800 "GET /index.php" 302
127.0.0.1 -  27/Jun/2025:17:38:29 +0800 "GET /index.php" 302
127.0.0.1 -  27/Jun/2025:17:38:59 +0800 "GET /index.php" 302
127.0.0.1 -  27/Jun/2025:17:39:29 +0800 "GET /index.php" 302
127.0.0.1 -  27/Jun/2025:17:39:59 +0800 "GET /index.php" 302
127.0.0.1 -  27/Jun/2025:17:40:29 +0800 "GET /index.php" 302
127.0.0.1 -  27/Jun/2025:17:40:59 +0800 "GET /index.php" 302
127.0.0.1 -  27/Jun/2025:17:41:29 +0800 "GET /index.php" 302
127.0.0.1 -  27/Jun/2025:17:41:59 +0800 "GET /index.php" 302
127.0.0.1 -  27/Jun/2025:17:42:29 +0800 "GET /index.php" 302
127.0.0.1 -  27/Jun/2025:17:42:59 +0800 "GET /index.php" 302
127.0.0.1 -  27/Jun/2025:17:43:29 +0800 "GET /index.php" 302
127.0.0.1 -  27/Jun/2025:17:43:59 +0800 "GET /index.php" 302
127.0.0.1 -  27/Jun/2025:17:44:29 +0800 "GET /index.php" 302
127.0.0.1 -  27/Jun/2025:17:44:59 +0800 "GET /index.php" 302
- -  27/Jun/2025:17:47:37 +0800 "GET /index.php" 302
- -  27/Jun/2025:18:05:30 +0800 "GET /index.php" 302
- -  27/Jun/2025:18:05:45 +0800 "HEAD /index.php" 302
- -  27/Jun/2025:18:05:54 +0800 "GET /install/index.php" 200
- -  27/Jun/2025:18:06:00 +0800 "GET /index.php" 302
- -  27/Jun/2025:18:06:17 +0800 "GET /index.php" 302
- -  27/Jun/2025:18:06:17 +0800 "GET /install/index.php" 200
- -  27/Jun/2025:18:06:22 +0800 "POST /install/index.php" 200
- -  27/Jun/2025:18:06:23 +0800 "POST /install/index.php" 200
- -  27/Jun/2025:18:06:30 +0800 "GET /index.php" 302
- -  27/Jun/2025:18:06:37 +0800 "GET /api/verify.php" 500
- -  27/Jun/2025:18:07:00 +0800 "GET /index.php" 302
- -  27/Jun/2025:18:07:30 +0800 "GET /index.php" 302
- -  27/Jun/2025:18:08:00 +0800 "GET /index.php" 302
- -  27/Jun/2025:18:08:30 +0800 "GET /index.php" 302
- -  27/Jun/2025:18:09:00 +0800 "GET /index.php" 302
- -  27/Jun/2025:18:09:30 +0800 "GET /index.php" 302
- -  27/Jun/2025:18:10:00 +0800 "GET /index.php" 302
- -  27/Jun/2025:18:10:30 +0800 "GET /index.php" 302
- -  27/Jun/2025:18:11:00 +0800 "GET /index.php" 302
- -  27/Jun/2025:18:12:04 +0800 "GET /index.php" 302
- -  27/Jun/2025:18:12:26 +0800 "GET /install/index.php" 200
- -  27/Jun/2025:18:12:34 +0800 "GET /index.php" 302
- -  27/Jun/2025:18:12:41 +0800 "GET /install/index.php" 200
- -  27/Jun/2025:18:13:04 +0800 "GET /index.php" 302
- -  27/Jun/2025:18:13:05 +0800 "POST /install/index.php" 200
- -  27/Jun/2025:18:13:07 +0800 "POST /install/index.php" 200
- -  27/Jun/2025:18:13:12 +0800 "POST /install/index.php" 200
- -  27/Jun/2025:18:13:15 +0800 "POST /install/index.php" 200
- -  27/Jun/2025:18:13:23 +0800 "POST /install/index.php" 200
- -  27/Jun/2025:18:13:34 +0800 "GET /index.php" 302
- -  27/Jun/2025:18:14:04 +0800 "GET /index.php" 302
- -  27/Jun/2025:18:14:34 +0800 "GET /index.php" 302
- -  27/Jun/2025:18:15:04 +0800 "GET /index.php" 302
- -  27/Jun/2025:18:15:34 +0800 "GET /index.php" 302
- -  27/Jun/2025:18:15:54 +0800 "GET /index.php" 302
- -  27/Jun/2025:18:16:24 +0800 "GET /index.php" 302
- -  27/Jun/2025:18:16:54 +0800 "GET /index.php" 302
- -  27/Jun/2025:18:17:24 +0800 "GET /index.php" 302
- -  27/Jun/2025:18:17:54 +0800 "GET /index.php" 302
- -  27/Jun/2025:18:18:24 +0800 "GET /index.php" 302
- -  27/Jun/2025:18:18:44 +0800 "GET /test_db.php" 200
- -  27/Jun/2025:18:18:54 +0800 "GET /index.php" 302
- -  27/Jun/2025:18:18:55 +0800 "POST /install/index.php" 200
- -  27/Jun/2025:18:19:05 +0800 "HEAD /index.php" 200
- -  27/Jun/2025:18:19:12 +0800 "HEAD /admin.php" 200
- -  27/Jun/2025:18:19:24 +0800 "GET /index.php" 200
- -  27/Jun/2025:18:19:31 +0800 "GET /index.php" 200
- -  27/Jun/2025:18:19:54 +0800 "GET /index.php" 200
- -  27/Jun/2025:18:20:24 +0800 "GET /index.php" 200
- -  27/Jun/2025:18:20:54 +0800 "GET /index.php" 200
- -  27/Jun/2025:18:21:24 +0800 "GET /index.php" 200
- -  27/Jun/2025:18:21:54 +0800 "GET /index.php" 200
- -  27/Jun/2025:18:22:24 +0800 "GET /index.php" 200
- -  27/Jun/2025:18:22:54 +0800 "GET /index.php" 200
- -  27/Jun/2025:18:23:24 +0800 "GET /index.php" 200
- -  27/Jun/2025:18:23:54 +0800 "GET /index.php" 200
- -  27/Jun/2025:18:24:24 +0800 "GET /index.php" 200
- -  27/Jun/2025:18:24:54 +0800 "GET /index.php" 200
- -  27/Jun/2025:18:25:24 +0800 "GET /index.php" 200
- -  27/Jun/2025:18:25:54 +0800 "GET /index.php" 200
- -  27/Jun/2025:18:26:24 +0800 "GET /index.php" 200
- -  27/Jun/2025:18:26:55 +0800 "GET /index.php" 200
- -  27/Jun/2025:18:27:25 +0800 "GET /index.php" 200
- -  27/Jun/2025:18:27:39 +0800 "GET /index.php" 200
- -  27/Jun/2025:18:27:49 +0800 "GET /admin.php" 200
- -  27/Jun/2025:18:27:55 +0800 "GET /index.php" 200
- -  27/Jun/2025:18:27:56 +0800 "POST /admin.php" 200
- -  27/Jun/2025:18:28:23 +0800 "POST /admin.php" 200
- -  27/Jun/2025:18:28:25 +0800 "GET /index.php" 200
- -  27/Jun/2025:18:28:29 +0800 "GET /index.php" 200
- -  27/Jun/2025:18:28:38 +0800 "GET /index.php" 200
- -  27/Jun/2025:18:28:39 +0800 "GET /admin.php" 200
- -  27/Jun/2025:18:28:55 +0800 "GET /index.php" 200
- -  27/Jun/2025:18:29:25 +0800 "GET /index.php" 200
- -  27/Jun/2025:18:29:47 +0800 "POST /admin.php" 302
- -  27/Jun/2025:18:29:47 +0800 "GET /home/index.php" 200
- -  27/Jun/2025:18:29:54 +0800 "GET /home/settings.php" 200
- -  27/Jun/2025:18:29:55 +0800 "GET /index.php" 200
- -  27/Jun/2025:18:29:55 +0800 "GET /home/api_settings.php" 200
- -  27/Jun/2025:18:30:05 +0800 "POST /home/api_settings.php" 200
- -  27/Jun/2025:18:30:08 +0800 "POST /home/api_settings.php" 200
- -  27/Jun/2025:18:30:24 +0800 "GET /home/settings.php" 200
- -  27/Jun/2025:18:30:25 +0800 "GET /index.php" 200
- -  27/Jun/2025:18:30:26 +0800 "GET /home/stats.php" 200
- -  27/Jun/2025:18:30:28 +0800 "GET /home/index.php" 200
- -  27/Jun/2025:18:30:33 +0800 "POST /home/index.php" 200
- -  27/Jun/2025:18:30:54 +0800 "POST /home/index.php" 200
- -  27/Jun/2025:18:30:55 +0800 "GET /index.php" 200
- -  27/Jun/2025:18:31:19 +0800 "GET /home/api_settings.php" 200
- -  27/Jun/2025:18:31:25 +0800 "GET /index.php" 200
- -  27/Jun/2025:18:31:38 +0800 "GET /home/index.php" 200
- -  27/Jun/2025:18:31:39 +0800 "GET /home/settings.php" 200
- -  27/Jun/2025:18:31:40 +0800 "GET /home/api_settings.php" 200
- -  27/Jun/2025:18:31:41 +0800 "GET /home/settings.php" 200
- -  27/Jun/2025:18:31:43 +0800 "GET /home/stats.php" 200
- -  27/Jun/2025:18:31:45 +0800 "GET /home/api_settings.php" 200
- -  27/Jun/2025:18:31:55 +0800 "GET /index.php" 200
- -  27/Jun/2025:18:32:14 +0800 "POST /api/verify.php" 401
- -  27/Jun/2025:18:32:14 +0800 "GET /api/verify.php" 401
- -  27/Jun/2025:18:32:25 +0800 "GET /index.php" 200
- -  27/Jun/2025:18:32:37 +0800 "GET /home/index.php" 200
- -  27/Jun/2025:18:32:43 +0800 "POST /home/index.php" 200
- -  27/Jun/2025:18:32:47 +0800 "POST /home/index.php" 200
- -  27/Jun/2025:18:32:55 +0800 "GET /index.php" 200
- -  27/Jun/2025:18:32:57 +0800 "POST /home/index.php" 200
- -  27/Jun/2025:18:33:03 +0800 "POST /home/index.php" 200
- -  27/Jun/2025:18:33:07 +0800 "POST /home/index.php" 200
- -  27/Jun/2025:18:33:09 +0800 "POST /home/index.php" 200
- -  27/Jun/2025:18:33:13 +0800 "POST /home/index.php" 200
- -  27/Jun/2025:18:33:16 +0800 "POST /home/index.php" 200
- -  27/Jun/2025:18:33:19 +0800 "POST /home/index.php" 200
- -  27/Jun/2025:18:33:21 +0800 "POST /home/index.php" 200
- -  27/Jun/2025:18:33:25 +0800 "GET /index.php" 200
- -  27/Jun/2025:18:33:38 +0800 "POST /api/verify.php" 401
- -  27/Jun/2025:18:33:38 +0800 "GET /api/verify.php" 401
- -  27/Jun/2025:18:33:45 +0800 "GET /home/api_settings.php" 200
- -  27/Jun/2025:18:33:53 +0800 "POST /api/verify.php" 401
- -  27/Jun/2025:18:33:53 +0800 "GET /api/verify.php" 200
- -  27/Jun/2025:18:33:55 +0800 "GET /index.php" 200
- -  27/Jun/2025:18:34:00 +0800 "POST /api/verify.php" 401
- -  27/Jun/2025:18:34:00 +0800 "GET /api/verify.php" 200
- -  27/Jun/2025:18:34:25 +0800 "GET /index.php" 200
- -  27/Jun/2025:18:34:55 +0800 "GET /index.php" 200
- -  27/Jun/2025:18:35:25 +0800 "GET /index.php" 200
- -  27/Jun/2025:18:35:55 +0800 "GET /index.php" 200
- -  27/Jun/2025:18:36:08 +0800 "GET /home/settings.php" 200
- -  27/Jun/2025:18:36:09 +0800 "GET /home/stats.php" 200
- -  27/Jun/2025:18:36:16 +0800 "GET /home/index.php" 200
- -  27/Jun/2025:18:36:25 +0800 "GET /index.php" 200
- -  27/Jun/2025:18:36:55 +0800 "GET /index.php" 200
- -  27/Jun/2025:18:36:57 +0800 "POST /api/verify.php" 401
- -  27/Jun/2025:18:37:25 +0800 "GET /index.php" 200
- -  27/Jun/2025:18:37:40 +0800 "POST /api/verify.php" 401
- -  27/Jun/2025:18:37:55 +0800 "GET /index.php" 200
- -  27/Jun/2025:18:38:25 +0800 "GET /index.php" 200
- -  27/Jun/2025:18:38:55 +0800 "GET /index.php" 200
- -  27/Jun/2025:18:39:25 +0800 "GET /index.php" 200
- -  27/Jun/2025:18:39:55 +0800 "GET /index.php" 200
- -  27/Jun/2025:18:40:26 +0800 "GET /index.php" 200
- -  27/Jun/2025:18:40:56 +0800 "GET /index.php" 200
- -  27/Jun/2025:18:41:26 +0800 "GET /index.php" 200
- -  27/Jun/2025:18:41:56 +0800 "GET /index.php" 200
- -  27/Jun/2025:18:42:21 +0800 "POST /debug_api.php" 200
- -  27/Jun/2025:18:42:26 +0800 "GET /index.php" 200
- -  27/Jun/2025:18:42:56 +0800 "GET /index.php" 200
- -  27/Jun/2025:18:43:26 +0800 "GET /index.php" 200
- -  27/Jun/2025:18:43:35 +0800 "POST /api/verify.php" 200
- -  27/Jun/2025:18:43:56 +0800 "GET /index.php" 200
- -  27/Jun/2025:18:44:04 +0800 "POST /api/verify.php" 200
- -  27/Jun/2025:18:44:26 +0800 "GET /index.php" 200
- -  27/Jun/2025:18:44:53 +0800 "POST /api/verify.php" 200
- -  27/Jun/2025:18:44:56 +0800 "GET /index.php" 200
- -  27/Jun/2025:18:45:07 +0800 "POST /api/verify.php" 200
- -  27/Jun/2025:18:45:07 +0800 "GET /api/verify.php" 200
- -  27/Jun/2025:18:45:22 +0800 "POST /api/verify.php" 200
- -  27/Jun/2025:18:45:22 +0800 "GET /api/verify.php" 200
- -  27/Jun/2025:18:45:26 +0800 "GET /index.php" 200
- -  27/Jun/2025:18:45:56 +0800 "GET /index.php" 200
- -  27/Jun/2025:18:46:26 +0800 "GET /index.php" 200
- -  27/Jun/2025:18:46:56 +0800 "GET /index.php" 200
- -  27/Jun/2025:18:47:26 +0800 "GET /index.php" 200
- -  27/Jun/2025:18:47:56 +0800 "GET /index.php" 200
- -  27/Jun/2025:18:48:26 +0800 "GET /index.php" 200
- -  27/Jun/2025:18:48:56 +0800 "GET /index.php" 200
- -  27/Jun/2025:18:49:26 +0800 "GET /index.php" 200
- -  27/Jun/2025:18:49:56 +0800 "GET /index.php" 200
- -  27/Jun/2025:18:50:26 +0800 "GET /index.php" 200
- -  27/Jun/2025:18:50:56 +0800 "GET /index.php" 200
- -  27/Jun/2025:18:51:26 +0800 "GET /index.php" 200
- -  27/Jun/2025:18:51:56 +0800 "GET /index.php" 200
- -  27/Jun/2025:18:52:26 +0800 "GET /index.php" 200
- -  27/Jun/2025:18:52:56 +0800 "GET /index.php" 200
- -  27/Jun/2025:18:53:27 +0800 "GET /index.php" 200
- -  27/Jun/2025:18:53:57 +0800 "GET /index.php" 200
- -  27/Jun/2025:18:54:27 +0800 "GET /index.php" 200
- -  27/Jun/2025:18:54:57 +0800 "GET /index.php" 200
- -  27/Jun/2025:18:55:27 +0800 "GET /index.php" 200
- -  27/Jun/2025:18:55:57 +0800 "GET /index.php" 200
- -  27/Jun/2025:18:56:27 +0800 "GET /index.php" 200
- -  27/Jun/2025:18:56:57 +0800 "GET /index.php" 200
- -  27/Jun/2025:18:57:27 +0800 "GET /index.php" 200
- -  27/Jun/2025:18:57:57 +0800 "GET /index.php" 200
- -  27/Jun/2025:18:58:27 +0800 "GET /index.php" 200
- -  27/Jun/2025:18:58:57 +0800 "GET /index.php" 200
- -  27/Jun/2025:18:59:27 +0800 "GET /index.php" 200
- -  27/Jun/2025:18:59:57 +0800 "GET /index.php" 200
- -  27/Jun/2025:19:00:27 +0800 "GET /index.php" 200
- -  27/Jun/2025:19:00:57 +0800 "GET /index.php" 200
- -  27/Jun/2025:19:01:27 +0800 "GET /index.php" 200
- -  27/Jun/2025:19:01:57 +0800 "GET /index.php" 200
- -  27/Jun/2025:19:02:27 +0800 "GET /index.php" 200
- -  27/Jun/2025:19:02:57 +0800 "GET /index.php" 200
- -  27/Jun/2025:19:03:27 +0800 "GET /index.php" 200
- -  27/Jun/2025:19:03:57 +0800 "GET /index.php" 200
- -  27/Jun/2025:19:04:27 +0800 "GET /index.php" 200
- -  27/Jun/2025:19:04:57 +0800 "GET /index.php" 200
- -  27/Jun/2025:19:05:27 +0800 "GET /index.php" 200
- -  27/Jun/2025:19:05:57 +0800 "GET /index.php" 200
- -  27/Jun/2025:19:06:27 +0800 "GET /index.php" 200
- -  27/Jun/2025:19:06:58 +0800 "GET /index.php" 200
- -  27/Jun/2025:19:07:28 +0800 "GET /index.php" 200
- -  27/Jun/2025:19:07:58 +0800 "GET /index.php" 200
- -  27/Jun/2025:19:08:28 +0800 "GET /index.php" 200
- -  27/Jun/2025:19:08:58 +0800 "GET /index.php" 200
- -  27/Jun/2025:19:09:28 +0800 "GET /index.php" 200
- -  27/Jun/2025:19:09:58 +0800 "GET /index.php" 200
- -  27/Jun/2025:19:10:28 +0800 "GET /index.php" 200
- -  27/Jun/2025:19:10:58 +0800 "GET /index.php" 200
- -  27/Jun/2025:19:11:28 +0800 "GET /index.php" 200
- -  27/Jun/2025:19:11:58 +0800 "GET /index.php" 200
- -  27/Jun/2025:19:12:28 +0800 "GET /index.php" 200
- -  27/Jun/2025:19:12:58 +0800 "GET /index.php" 200
- -  27/Jun/2025:19:13:28 +0800 "GET /index.php" 200
- -  27/Jun/2025:19:13:58 +0800 "GET /index.php" 200
- -  27/Jun/2025:19:14:28 +0800 "GET /index.php" 200
- -  27/Jun/2025:19:14:58 +0800 "GET /index.php" 200
- -  27/Jun/2025:19:15:28 +0800 "GET /index.php" 200
- -  27/Jun/2025:19:15:58 +0800 "GET /index.php" 200
- -  27/Jun/2025:19:16:28 +0800 "GET /index.php" 200
- -  27/Jun/2025:19:16:58 +0800 "GET /index.php" 200
- -  27/Jun/2025:19:17:28 +0800 "GET /index.php" 200
- -  27/Jun/2025:19:17:58 +0800 "GET /index.php" 200
- -  27/Jun/2025:19:18:28 +0800 "GET /index.php" 200
- -  27/Jun/2025:19:18:58 +0800 "GET /index.php" 200
- -  27/Jun/2025:19:19:28 +0800 "GET /index.php" 200
- -  27/Jun/2025:19:19:59 +0800 "GET /index.php" 200
- -  27/Jun/2025:19:20:29 +0800 "GET /index.php" 200
- -  27/Jun/2025:19:20:59 +0800 "GET /index.php" 200
- -  27/Jun/2025:19:21:29 +0800 "GET /index.php" 200
- -  27/Jun/2025:19:21:59 +0800 "GET /index.php" 200
- -  27/Jun/2025:19:22:29 +0800 "GET /index.php" 200
- -  27/Jun/2025:19:22:59 +0800 "GET /index.php" 200
- -  27/Jun/2025:19:23:29 +0800 "GET /index.php" 200
- -  27/Jun/2025:19:23:59 +0800 "GET /index.php" 200
- -  27/Jun/2025:19:24:29 +0800 "GET /index.php" 200
- -  27/Jun/2025:19:24:59 +0800 "GET /index.php" 200
- -  27/Jun/2025:19:25:29 +0800 "GET /index.php" 200
- -  27/Jun/2025:19:25:59 +0800 "GET /index.php" 200
- -  27/Jun/2025:19:26:29 +0800 "GET /index.php" 200
- -  27/Jun/2025:19:26:59 +0800 "GET /index.php" 200
- -  27/Jun/2025:19:27:29 +0800 "GET /index.php" 200
- -  27/Jun/2025:19:27:59 +0800 "GET /index.php" 200
- -  27/Jun/2025:19:28:29 +0800 "GET /index.php" 200
- -  27/Jun/2025:19:28:59 +0800 "GET /index.php" 200
- -  27/Jun/2025:19:29:29 +0800 "GET /index.php" 200
- -  27/Jun/2025:19:29:59 +0800 "GET /index.php" 200
- -  27/Jun/2025:19:30:29 +0800 "GET /index.php" 200
- -  27/Jun/2025:19:30:59 +0800 "GET /index.php" 200
- -  27/Jun/2025:19:31:29 +0800 "GET /index.php" 200
- -  27/Jun/2025:19:31:59 +0800 "GET /index.php" 200
- -  27/Jun/2025:19:32:29 +0800 "GET /index.php" 200
- -  27/Jun/2025:19:33:00 +0800 "GET /index.php" 200
- -  27/Jun/2025:19:33:30 +0800 "GET /index.php" 200
- -  27/Jun/2025:19:34:00 +0800 "GET /index.php" 200
- -  27/Jun/2025:19:34:30 +0800 "GET /index.php" 200
- -  27/Jun/2025:19:35:00 +0800 "GET /index.php" 200
- -  27/Jun/2025:19:35:30 +0800 "GET /index.php" 200
- -  27/Jun/2025:19:36:00 +0800 "GET /index.php" 200
- -  27/Jun/2025:19:36:30 +0800 "GET /index.php" 200
- -  27/Jun/2025:19:37:00 +0800 "GET /index.php" 200
- -  27/Jun/2025:19:37:30 +0800 "GET /index.php" 200
- -  27/Jun/2025:19:38:00 +0800 "GET /index.php" 200
- -  27/Jun/2025:19:38:30 +0800 "GET /index.php" 200
- -  27/Jun/2025:19:39:00 +0800 "GET /index.php" 200
- -  27/Jun/2025:19:39:30 +0800 "GET /index.php" 200
- -  27/Jun/2025:19:40:00 +0800 "GET /index.php" 200
- -  27/Jun/2025:19:40:30 +0800 "GET /index.php" 200
- -  27/Jun/2025:19:41:00 +0800 "GET /index.php" 200
- -  27/Jun/2025:19:41:30 +0800 "GET /index.php" 200
- -  27/Jun/2025:19:42:00 +0800 "GET /index.php" 200
- -  27/Jun/2025:19:42:30 +0800 "GET /index.php" 200
- -  27/Jun/2025:19:43:00 +0800 "GET /index.php" 200
- -  27/Jun/2025:19:43:30 +0800 "GET /index.php" 200
- -  27/Jun/2025:19:44:00 +0800 "GET /index.php" 200
- -  27/Jun/2025:19:44:30 +0800 "GET /index.php" 200
- -  27/Jun/2025:19:45:00 +0800 "GET /index.php" 200
- -  27/Jun/2025:19:45:30 +0800 "GET /index.php" 200
- -  27/Jun/2025:19:46:01 +0800 "GET /index.php" 200
- -  27/Jun/2025:19:46:31 +0800 "GET /index.php" 200
- -  27/Jun/2025:19:47:01 +0800 "GET /index.php" 200
- -  27/Jun/2025:19:47:31 +0800 "GET /index.php" 200
- -  27/Jun/2025:19:50:44 +0800 "GET /index.php" 302
- -  27/Jun/2025:19:50:44 +0800 "GET /install/index.php" 200
- -  27/Jun/2025:19:50:48 +0800 "GET /index.php" 302
- -  27/Jun/2025:19:50:48 +0800 "POST /install/index.php" 200
- -  27/Jun/2025:19:50:50 +0800 "POST /install/index.php" 200
- -  27/Jun/2025:19:50:58 +0800 "POST /install/index.php" 200
- -  27/Jun/2025:19:51:11 +0800 "HEAD /index.php" 302
- -  27/Jun/2025:19:51:18 +0800 "GET /index.php" 302
- -  27/Jun/2025:19:51:19 +0800 "POST /install/index.php" 200
- -  27/Jun/2025:19:51:48 +0800 "GET /index.php" 302
- -  27/Jun/2025:19:52:07 +0800 "GET /index.php" 302
- -  27/Jun/2025:19:52:16 +0800 "POST /install/index.php" 200
- -  27/Jun/2025:19:52:37 +0800 "GET /index.php" 302
- -  27/Jun/2025:19:53:07 +0800 "GET /index.php" 302
- -  27/Jun/2025:19:58:02 +0800 "GET /index.php" 302
- -  27/Jun/2025:19:58:02 +0800 "GET /install/index.php" 200
- -  27/Jun/2025:19:58:05 +0800 "GET /index.php" 302
- -  27/Jun/2025:19:58:05 +0800 "POST /install/index.php" 200
- -  27/Jun/2025:19:58:07 +0800 "POST /install/index.php" 200
- -  27/Jun/2025:19:58:13 +0800 "POST /install/index.php" 200
- -  27/Jun/2025:19:58:15 +0800 "GET /admin.php" 200
- -  27/Jun/2025:19:58:29 +0800 "POST /admin.php" 302
- -  27/Jun/2025:19:58:29 +0800 "GET /home/index.php" 200
- -  27/Jun/2025:19:58:33 +0800 "POST /install/index.php" 302
- -  27/Jun/2025:19:58:35 +0800 "GET /index.php" 200
- -  27/Jun/2025:19:58:49 +0800 "POST /home/index.php" 200
- -  27/Jun/2025:19:58:53 +0800 "POST /install/index.php" 302
- -  27/Jun/2025:19:59:02 +0800 "HEAD /index.php" 200
- -  27/Jun/2025:19:59:05 +0800 "GET /index.php" 200
- -  27/Jun/2025:19:59:10 +0800 "POST /api/verify.php" 403
- -  27/Jun/2025:19:59:10 +0800 "GET /api/verify.php" 403
- -  27/Jun/2025:19:59:15 +0800 "GET /home/api_settings.php" 200
- -  27/Jun/2025:19:59:18 +0800 "GET /index.php" 200
- -  27/Jun/2025:19:59:33 +0800 "POST /home/api_settings.php" 200
- -  27/Jun/2025:19:59:35 +0800 "GET /index.php" 200
- -  27/Jun/2025:19:59:48 +0800 "POST /api/verify.php" 200
- -  27/Jun/2025:19:59:48 +0800 "GET /api/verify.php" 200
- -  27/Jun/2025:19:59:54 +0800 "POST /api/verify.php" 200
- -  27/Jun/2025:19:59:54 +0800 "GET /api/verify.php" 200
- -  27/Jun/2025:19:59:57 +0800 "POST /api/verify.php" 200
- -  27/Jun/2025:19:59:57 +0800 "GET /api/verify.php" 403
- -  27/Jun/2025:20:00:05 +0800 "GET /index.php" 200
- -  27/Jun/2025:20:00:35 +0800 "GET /index.php" 200
- -  27/Jun/2025:20:01:05 +0800 "GET /index.php" 200
- -  27/Jun/2025:20:01:35 +0800 "GET /index.php" 200
- -  27/Jun/2025:20:02:05 +0800 "GET /index.php" 200
- -  27/Jun/2025:20:02:35 +0800 "GET /index.php" 200
- -  27/Jun/2025:20:03:05 +0800 "GET /index.php" 200
- -  27/Jun/2025:20:03:34 +0800 "GET /index.php" 302
- -  27/Jun/2025:20:03:47 +0800 "GET /home/index.php" 302
- -  27/Jun/2025:20:03:47 +0800 "GET /admin.php" 302
- -  27/Jun/2025:20:03:47 +0800 "GET /install/index.php" 200
- -  27/Jun/2025:20:03:52 +0800 "POST /install/index.php" 200
- -  27/Jun/2025:20:03:54 +0800 "POST /install/index.php" 200
- -  27/Jun/2025:20:03:59 +0800 "POST /install/index.php" 200
- -  27/Jun/2025:20:04:00 +0800 "GET /admin.php" 200
- -  27/Jun/2025:20:04:04 +0800 "GET /index.php" 200
- -  27/Jun/2025:20:04:08 +0800 "POST /admin.php" 200
- -  27/Jun/2025:20:04:14 +0800 "POST /admin.php" 302
- -  27/Jun/2025:20:04:14 +0800 "GET /home/index.php" 200
- -  27/Jun/2025:20:04:34 +0800 "GET /index.php" 200
- -  27/Jun/2025:20:05:04 +0800 "GET /index.php" 200
- -  27/Jun/2025:20:05:34 +0800 "GET /index.php" 200
- -  27/Jun/2025:20:06:04 +0800 "GET /index.php" 200
- -  27/Jun/2025:20:06:34 +0800 "GET /index.php" 200
- -  27/Jun/2025:20:07:04 +0800 "GET /index.php" 200
- -  27/Jun/2025:20:07:34 +0800 "GET /index.php" 200
- -  27/Jun/2025:20:08:04 +0800 "GET /index.php" 200
- -  27/Jun/2025:20:08:34 +0800 "GET /index.php" 200
- -  27/Jun/2025:20:09:04 +0800 "GET /index.php" 200
- -  27/Jun/2025:20:09:06 +0800 "GET /home/stats.php" 200
- -  27/Jun/2025:20:09:08 +0800 "GET /home/index.php" 200
- -  27/Jun/2025:20:09:34 +0800 "GET /index.php" 200
- -  27/Jun/2025:20:10:04 +0800 "GET /index.php" 200
- -  27/Jun/2025:20:10:34 +0800 "GET /index.php" 200
- -  27/Jun/2025:20:11:04 +0800 "GET /index.php" 200
- -  27/Jun/2025:20:11:34 +0800 "GET /index.php" 200
- -  27/Jun/2025:20:12:04 +0800 "GET /index.php" 200
- -  27/Jun/2025:20:12:34 +0800 "GET /index.php" 200
- -  27/Jun/2025:20:13:04 +0800 "GET /index.php" 200
- -  27/Jun/2025:20:13:34 +0800 "GET /index.php" 200
- -  27/Jun/2025:20:14:04 +0800 "GET /index.php" 200
- -  27/Jun/2025:20:14:34 +0800 "GET /index.php" 200
- -  27/Jun/2025:20:15:04 +0800 "GET /index.php" 200
- -  27/Jun/2025:20:15:34 +0800 "GET /index.php" 200
- -  27/Jun/2025:20:16:05 +0800 "GET /index.php" 200
- -  28/Jun/2025:14:27:18 +0800 "GET /index.php" 302
- -  28/Jun/2025:14:27:48 +0800 "GET /index.php" 302
- -  28/Jun/2025:14:27:48 +0800 "GET /install/index.php" 200
- -  28/Jun/2025:14:27:48 +0800 "GET /index.php" 302
- -  28/Jun/2025:14:27:52 +0800 "POST /install/index.php" 200
- -  28/Jun/2025:14:27:55 +0800 "POST /install/index.php" 200
- -  28/Jun/2025:14:28:02 +0800 "POST /install/index.php" 200
- -  28/Jun/2025:14:28:04 +0800 "GET /admin.php" 200
- -  28/Jun/2025:14:28:12 +0800 "POST /admin.php" 302
- -  28/Jun/2025:14:28:12 +0800 "GET /home/index.php" 200
- -  28/Jun/2025:14:28:18 +0800 "GET /index.php" 200
- -  28/Jun/2025:14:28:20 +0800 "GET /home/settings.php" 200
- -  28/Jun/2025:14:28:22 +0800 "GET /home/index.php" 200
- -  28/Jun/2025:14:28:29 +0800 "POST /home/index.php" 200
- -  28/Jun/2025:14:28:48 +0800 "GET /index.php" 200
- -  28/Jun/2025:14:29:18 +0800 "GET /index.php" 200
- -  28/Jun/2025:14:29:48 +0800 "GET /index.php" 200
- -  28/Jun/2025:14:30:18 +0800 "GET /index.php" 200
- -  28/Jun/2025:14:30:48 +0800 "GET /index.php" 200
- -  28/Jun/2025:14:31:18 +0800 "GET /index.php" 200
- -  28/Jun/2025:14:31:48 +0800 "GET /index.php" 200
- -  28/Jun/2025:14:32:19 +0800 "GET /index.php" 200
- -  28/Jun/2025:14:32:49 +0800 "GET /index.php" 200
- -  28/Jun/2025:14:33:19 +0800 "GET /index.php" 200
- -  28/Jun/2025:14:33:49 +0800 "GET /index.php" 200
- -  28/Jun/2025:14:34:19 +0800 "GET /index.php" 200
- -  28/Jun/2025:14:34:49 +0800 "GET /index.php" 200
- -  28/Jun/2025:14:35:02 +0800 "GET /home/index.php" 200
- -  28/Jun/2025:14:35:11 +0800 "GET /home/index.php" 200
- -  28/Jun/2025:14:35:19 +0800 "GET /index.php" 200
- -  28/Jun/2025:14:35:35 +0800 "POST /home/index.php" 200
- -  28/Jun/2025:14:35:41 +0800 "POST /home/index.php" 200
- -  28/Jun/2025:14:35:49 +0800 "GET /index.php" 200
- -  28/Jun/2025:14:35:53 +0800 "POST /home/index.php" 200
- -  28/Jun/2025:14:36:19 +0800 "GET /index.php" 200
- -  28/Jun/2025:14:36:49 +0800 "GET /index.php" 200
- -  28/Jun/2025:14:37:19 +0800 "GET /index.php" 200
- -  28/Jun/2025:14:37:50 +0800 "GET /index.php" 200
- -  28/Jun/2025:14:38:20 +0800 "GET /index.php" 200
- -  28/Jun/2025:14:38:32 +0800 "GET /index.php" 200
- -  28/Jun/2025:14:38:50 +0800 "GET /index.php" 200
- -  28/Jun/2025:14:39:00 +0800 "POST /home/index.php" 200
- -  28/Jun/2025:14:39:20 +0800 "GET /index.php" 200
- -  28/Jun/2025:14:39:50 +0800 "GET /index.php" 200
- -  28/Jun/2025:14:40:20 +0800 "GET /index.php" 200
- -  28/Jun/2025:14:40:50 +0800 "GET /index.php" 200
- -  28/Jun/2025:14:41:20 +0800 "GET /index.php" 200
- -  28/Jun/2025:14:41:50 +0800 "GET /index.php" 200
- -  28/Jun/2025:14:42:20 +0800 "GET /index.php" 200
- -  28/Jun/2025:14:42:51 +0800 "GET /index.php" 200
- -  28/Jun/2025:14:43:21 +0800 "GET /index.php" 200
- -  28/Jun/2025:14:43:51 +0800 "GET /index.php" 200
- -  28/Jun/2025:14:44:17 +0800 "POST /home/index.php" 200
- -  28/Jun/2025:14:44:21 +0800 "GET /index.php" 200
- -  28/Jun/2025:14:44:22 +0800 "POST /home/index.php" 200
- -  28/Jun/2025:14:44:30 +0800 "POST /home/index.php" 200
- -  28/Jun/2025:14:44:51 +0800 "GET /index.php" 200
- -  28/Jun/2025:14:45:02 +0800 "POST /home/index.php" 200
- -  28/Jun/2025:14:45:09 +0800 "POST /home/index.php" 200
- -  28/Jun/2025:14:45:16 +0800 "POST /home/index.php" 200
- -  28/Jun/2025:14:45:21 +0800 "POST /home/index.php" 200
- -  28/Jun/2025:14:45:21 +0800 "GET /index.php" 200
- -  28/Jun/2025:14:45:26 +0800 "POST /home/index.php" 200
- -  28/Jun/2025:14:45:29 +0800 "POST /home/index.php" 200
- -  28/Jun/2025:14:45:35 +0800 "POST /home/index.php" 200
- -  28/Jun/2025:14:45:38 +0800 "POST /home/index.php" 200
- -  28/Jun/2025:14:45:51 +0800 "GET /index.php" 200
- -  28/Jun/2025:14:46:06 +0800 "GET /home/api_settings.php" 200
- -  28/Jun/2025:14:46:12 +0800 "POST /home/api_settings.php" 200
- -  28/Jun/2025:14:46:15 +0800 "POST /home/api_settings.php" 200
- -  28/Jun/2025:14:46:21 +0800 "GET /index.php" 200
- -  28/Jun/2025:14:46:22 +0800 "POST /api/verify.php" 401
- -  28/Jun/2025:14:46:23 +0800 "GET /api/verify.php" 401
- -  28/Jun/2025:14:46:51 +0800 "GET /index.php" 200
- -  28/Jun/2025:14:47:01 +0800 "POST /home/api_settings.php" 200
- -  28/Jun/2025:14:47:07 +0800 "POST /home/api_settings.php" 200
- -  28/Jun/2025:14:47:15 +0800 "POST /api/verify.php" 200
- -  28/Jun/2025:14:47:15 +0800 "GET /api/verify.php" 200
- -  28/Jun/2025:14:47:21 +0800 "GET /index.php" 200
- -  28/Jun/2025:14:47:51 +0800 "GET /index.php" 200
- -  28/Jun/2025:14:48:21 +0800 "GET /index.php" 200
- -  28/Jun/2025:14:48:51 +0800 "GET /index.php" 200
- -  28/Jun/2025:14:49:22 +0800 "GET /index.php" 200
- -  28/Jun/2025:14:49:52 +0800 "GET /index.php" 200
- -  28/Jun/2025:14:50:22 +0800 "GET /index.php" 200
- -  28/Jun/2025:14:50:52 +0800 "GET /index.php" 200
- -  28/Jun/2025:14:51:22 +0800 "GET /index.php" 200
- -  28/Jun/2025:14:51:52 +0800 "GET /index.php" 200
- -  28/Jun/2025:14:52:22 +0800 "GET /index.php" 200
- -  28/Jun/2025:14:52:52 +0800 "GET /index.php" 200
- -  28/Jun/2025:14:53:22 +0800 "GET /index.php" 200
- -  28/Jun/2025:14:53:52 +0800 "GET /index.php" 200
- -  28/Jun/2025:14:54:22 +0800 "GET /index.php" 200
- -  28/Jun/2025:14:54:52 +0800 "GET /index.php" 200
- -  28/Jun/2025:14:55:22 +0800 "GET /index.php" 200
- -  28/Jun/2025:14:55:52 +0800 "GET /index.php" 200
- -  28/Jun/2025:14:56:22 +0800 "GET /index.php" 200
- -  28/Jun/2025:14:56:52 +0800 "GET /index.php" 200
- -  28/Jun/2025:14:57:23 +0800 "GET /index.php" 200
- -  28/Jun/2025:14:57:53 +0800 "GET /index.php" 200
- -  28/Jun/2025:14:58:23 +0800 "GET /index.php" 200
- -  28/Jun/2025:14:58:53 +0800 "GET /index.php" 200
- -  28/Jun/2025:14:59:23 +0800 "GET /index.php" 200
- -  28/Jun/2025:14:59:53 +0800 "GET /index.php" 200
- -  28/Jun/2025:15:00:23 +0800 "GET /index.php" 200
- -  28/Jun/2025:15:00:53 +0800 "GET /index.php" 200
- -  28/Jun/2025:15:01:23 +0800 "GET /index.php" 200
- -  28/Jun/2025:15:01:53 +0800 "GET /index.php" 200
- -  28/Jun/2025:15:02:23 +0800 "GET /index.php" 200
- -  28/Jun/2025:15:02:53 +0800 "GET /index.php" 200
- -  28/Jun/2025:15:03:23 +0800 "GET /index.php" 200
- -  28/Jun/2025:15:03:53 +0800 "GET /index.php" 200
- -  28/Jun/2025:15:04:23 +0800 "GET /index.php" 200
- -  28/Jun/2025:15:04:53 +0800 "GET /index.php" 200
- -  28/Jun/2025:15:05:23 +0800 "GET /index.php" 200
- -  28/Jun/2025:15:05:54 +0800 "GET /index.php" 200
- -  28/Jun/2025:15:06:24 +0800 "GET /index.php" 200
- -  28/Jun/2025:15:06:54 +0800 "GET /index.php" 200
- -  28/Jun/2025:15:07:24 +0800 "GET /index.php" 200
- -  28/Jun/2025:15:07:54 +0800 "GET /index.php" 200
- -  28/Jun/2025:15:08:24 +0800 "GET /index.php" 200
- -  28/Jun/2025:15:08:54 +0800 "GET /index.php" 200
- -  28/Jun/2025:15:09:24 +0800 "GET /index.php" 200
- -  28/Jun/2025:15:09:54 +0800 "GET /index.php" 200
- -  28/Jun/2025:15:10:24 +0800 "GET /index.php" 200
- -  28/Jun/2025:15:10:54 +0800 "GET /index.php" 200
- -  28/Jun/2025:22:41:39 +0800 "GET /index.php" 200
- -  28/Jun/2025:22:42:09 +0800 "GET /index.php" 200
- -  28/Jun/2025:22:42:39 +0800 "GET /index.php" 200
- -  28/Jun/2025:22:43:09 +0800 "GET /index.php" 200
- -  28/Jun/2025:22:43:39 +0800 "GET /index.php" 200
- -  28/Jun/2025:22:44:09 +0800 "GET /index.php" 200
- -  28/Jun/2025:22:44:39 +0800 "GET /index.php" 200
- -  28/Jun/2025:22:45:10 +0800 "GET /index.php" 200
- -  28/Jun/2025:22:45:40 +0800 "GET /index.php" 200
- -  28/Jun/2025:22:46:10 +0800 "GET /index.php" 200
- -  28/Jun/2025:22:46:40 +0800 "GET /index.php" 200
- -  28/Jun/2025:22:47:10 +0800 "GET /index.php" 200
- -  28/Jun/2025:22:47:40 +0800 "GET /index.php" 200
- -  28/Jun/2025:22:48:10 +0800 "GET /index.php" 200
- -  28/Jun/2025:22:48:40 +0800 "GET /index.php" 200
- -  28/Jun/2025:22:49:10 +0800 "GET /index.php" 200
- -  28/Jun/2025:22:49:40 +0800 "GET /index.php" 200
- -  28/Jun/2025:22:50:10 +0800 "GET /index.php" 200
- -  28/Jun/2025:22:50:40 +0800 "GET /index.php" 200
- -  28/Jun/2025:22:51:10 +0800 "GET /index.php" 200
- -  28/Jun/2025:22:51:40 +0800 "GET /index.php" 200
- -  28/Jun/2025:22:52:10 +0800 "GET /index.php" 200
- -  28/Jun/2025:22:52:41 +0800 "GET /index.php" 200
- -  28/Jun/2025:22:53:11 +0800 "GET /index.php" 200
- -  28/Jun/2025:22:53:41 +0800 "GET /index.php" 200
- -  28/Jun/2025:22:54:11 +0800 "GET /index.php" 200
- -  28/Jun/2025:22:54:41 +0800 "GET /index.php" 200
- -  28/Jun/2025:22:55:11 +0800 "GET /index.php" 200
- -  28/Jun/2025:22:55:41 +0800 "GET /index.php" 200
- -  28/Jun/2025:22:56:11 +0800 "GET /index.php" 200
- -  28/Jun/2025:22:56:41 +0800 "GET /index.php" 200
- -  28/Jun/2025:22:57:11 +0800 "GET /index.php" 200
- -  28/Jun/2025:22:57:41 +0800 "GET /index.php" 200
- -  28/Jun/2025:22:58:11 +0800 "GET /index.php" 200
- -  28/Jun/2025:22:58:41 +0800 "GET /index.php" 200
- -  28/Jun/2025:22:59:11 +0800 "GET /index.php" 200
- -  28/Jun/2025:22:59:41 +0800 "GET /index.php" 200
- -  28/Jun/2025:23:00:12 +0800 "GET /index.php" 200
- -  28/Jun/2025:23:00:42 +0800 "GET /index.php" 200
- -  28/Jun/2025:23:01:12 +0800 "GET /index.php" 200
- -  28/Jun/2025:23:01:42 +0800 "GET /index.php" 200
- -  28/Jun/2025:23:02:12 +0800 "GET /index.php" 200
- -  28/Jun/2025:23:02:42 +0800 "GET /index.php" 200
- -  29/Jun/2025:17:38:03 +0800 "GET /index.php" 302
- -  29/Jun/2025:17:38:33 +0800 "GET /index.php" 302
- -  29/Jun/2025:17:39:03 +0800 "GET /index.php" 302
- -  29/Jun/2025:17:39:33 +0800 "GET /index.php" 302
- -  29/Jun/2025:17:40:03 +0800 "GET /index.php" 302
- -  29/Jun/2025:17:40:33 +0800 "GET /index.php" 302
- -  29/Jun/2025:17:41:03 +0800 "GET /index.php" 302
- -  29/Jun/2025:17:41:33 +0800 "GET /index.php" 302
- -  29/Jun/2025:17:42:03 +0800 "GET /index.php" 302
- -  29/Jun/2025:17:42:33 +0800 "GET /index.php" 302
- -  29/Jun/2025:17:43:03 +0800 "GET /index.php" 302
- -  29/Jun/2025:17:43:33 +0800 "GET /index.php" 302
- -  29/Jun/2025:17:44:03 +0800 "GET /index.php" 302
- -  29/Jun/2025:17:44:37 +0800 "GET /index.php" 302
- -  29/Jun/2025:17:44:59 +0800 "GET /index.php" 302
- -  29/Jun/2025:17:44:59 +0800 "GET /install/index.php" 200
- -  29/Jun/2025:17:45:03 +0800 "POST /install/index.php" 200
- -  29/Jun/2025:17:45:05 +0800 "POST /install/index.php" 200
- -  29/Jun/2025:17:45:07 +0800 "GET /index.php" 302
- -  29/Jun/2025:17:45:14 +0800 "POST /install/index.php" 200
- -  29/Jun/2025:17:45:16 +0800 "GET /admin.php" 200
- -  29/Jun/2025:17:45:22 +0800 "POST /admin.php" 302
- -  29/Jun/2025:17:45:22 +0800 "GET /home/index.php" 200
- -  29/Jun/2025:17:45:37 +0800 "GET /index.php" 200
- -  29/Jun/2025:17:46:07 +0800 "GET /index.php" 200
- -  29/Jun/2025:17:46:37 +0800 "GET /index.php" 200
- -  29/Jun/2025:17:47:07 +0800 "GET /index.php" 200
- -  29/Jun/2025:17:47:37 +0800 "GET /index.php" 200
- -  29/Jun/2025:17:48:07 +0800 "GET /index.php" 200
- -  29/Jun/2025:17:48:37 +0800 "GET /index.php" 200
- -  29/Jun/2025:17:49:07 +0800 "GET /index.php" 200
- -  29/Jun/2025:17:49:37 +0800 "GET /index.php" 200
- -  29/Jun/2025:17:50:07 +0800 "GET /index.php" 200
- -  29/Jun/2025:17:50:37 +0800 "GET /index.php" 200
- -  29/Jun/2025:17:51:07 +0800 "GET /index.php" 200
- -  29/Jun/2025:17:51:37 +0800 "GET /index.php" 200
- -  29/Jun/2025:17:52:08 +0800 "GET /index.php" 200
- -  29/Jun/2025:17:52:38 +0800 "GET /index.php" 200
- -  29/Jun/2025:17:53:08 +0800 "GET /index.php" 200
- -  29/Jun/2025:17:53:38 +0800 "GET /index.php" 200
- -  29/Jun/2025:17:54:08 +0800 "GET /index.php" 200
- -  29/Jun/2025:17:54:38 +0800 "GET /index.php" 200
- -  29/Jun/2025:17:55:08 +0800 "GET /index.php" 200
- -  29/Jun/2025:17:55:38 +0800 "GET /index.php" 200
- -  29/Jun/2025:17:56:08 +0800 "GET /index.php" 200
- -  29/Jun/2025:17:56:38 +0800 "GET /index.php" 200
- -  29/Jun/2025:17:57:08 +0800 "GET /index.php" 200
- -  29/Jun/2025:17:57:38 +0800 "GET /index.php" 200
- -  29/Jun/2025:17:58:08 +0800 "GET /index.php" 200
- -  29/Jun/2025:17:58:38 +0800 "GET /index.php" 200
- -  29/Jun/2025:17:59:08 +0800 "GET /index.php" 200
- -  29/Jun/2025:17:59:39 +0800 "GET /index.php" 200
- -  29/Jun/2025:18:01:12 +0800 "GET /index.php" 302
- -  29/Jun/2025:18:01:12 +0800 "GET /install/index.php" 200
- -  29/Jun/2025:18:01:14 +0800 "GET /index.php" 302
- -  29/Jun/2025:18:01:16 +0800 "POST /install/index.php" 200
- -  29/Jun/2025:18:01:17 +0800 "POST /install/index.php" 200
- -  29/Jun/2025:18:01:23 +0800 "POST /install/index.php" 200
- -  29/Jun/2025:18:01:25 +0800 "GET /admin.php" 200
- -  29/Jun/2025:18:01:37 +0800 "POST /admin.php" 302
- -  29/Jun/2025:18:01:37 +0800 "GET /home/index.php" 200
- -  29/Jun/2025:18:01:44 +0800 "GET /index.php" 200
- -  29/Jun/2025:18:01:55 +0800 "POST /home/index.php" 200
- -  29/Jun/2025:18:02:14 +0800 "GET /index.php" 200
- -  29/Jun/2025:18:02:18 +0800 "GET /home/api_settings.php" 200
- -  29/Jun/2025:18:02:24 +0800 "POST /home/api_settings.php" 200
- -  29/Jun/2025:18:02:27 +0800 "POST /home/api_settings.php" 200
- -  29/Jun/2025:18:02:28 +0800 "POST /home/api_settings.php" 200
- -  29/Jun/2025:18:02:35 +0800 "POST /home/api_settings.php" 200
- -  29/Jun/2025:18:02:39 +0800 "POST /home/api_settings.php" 200
- -  29/Jun/2025:18:02:42 +0800 "POST /home/api_settings.php" 200
- -  29/Jun/2025:18:02:45 +0800 "GET /index.php" 200
- -  29/Jun/2025:18:02:45 +0800 "POST /home/api_settings.php" 200
- -  29/Jun/2025:18:03:15 +0800 "GET /index.php" 200
- -  29/Jun/2025:18:03:19 +0800 "GET /home/index.php" 200
- -  29/Jun/2025:18:03:37 +0800 "POST /api/verify.php" 200
- -  29/Jun/2025:18:03:37 +0800 "GET /api/verify.php" 200
- -  29/Jun/2025:18:03:45 +0800 "GET /index.php" 200
- -  29/Jun/2025:18:03:52 +0800 "GET /home/index.php" 200
- -  29/Jun/2025:18:04:15 +0800 "GET /index.php" 200
- -  29/Jun/2025:18:04:45 +0800 "GET /index.php" 200
- -  29/Jun/2025:18:05:15 +0800 "GET /index.php" 200
- -  29/Jun/2025:18:05:39 +0800 "POST /home/index.php" 200
- -  29/Jun/2025:18:05:44 +0800 "POST /home/index.php" 200
- -  29/Jun/2025:18:05:45 +0800 "GET /index.php" 200
- -  29/Jun/2025:18:06:02 +0800 "GET /home/index.php" 200
- -  29/Jun/2025:18:06:09 +0800 "POST /home/index.php" 200
- -  29/Jun/2025:18:06:14 +0800 "POST /home/index.php" 200
- -  29/Jun/2025:18:06:15 +0800 "GET /index.php" 200
- -  29/Jun/2025:18:06:44 +0800 "POST /home/index.php" 200
- -  29/Jun/2025:18:06:45 +0800 "GET /index.php" 200
- -  29/Jun/2025:18:06:49 +0800 "GET /home/api_settings.php" 200
- -  29/Jun/2025:18:07:00 +0800 "POST /home/api_settings.php" 200
- -  29/Jun/2025:18:07:01 +0800 "POST /home/api_settings.php" 200
- -  29/Jun/2025:18:07:15 +0800 "GET /index.php" 200
- -  29/Jun/2025:18:07:20 +0800 "POST /home/api_settings.php" 200
- -  29/Jun/2025:18:07:25 +0800 "GET /home/index.php" 200
- -  29/Jun/2025:18:07:45 +0800 "GET /index.php" 200
- -  29/Jun/2025:18:08:15 +0800 "GET /index.php" 200
- -  29/Jun/2025:18:08:45 +0800 "GET /index.php" 200
- -  29/Jun/2025:18:09:15 +0800 "GET /index.php" 200
