[27-Jun-2025 17:34:04 Asia/Shanghai] Next step clicked. Current step: 1
[27-Jun-2025 17:34:04 Asia/Shanghai] Step increased to: 2
[27-Jun-2025 18:06:22 Asia/Shanghai] Next step clicked. Current step: 1
[27-Jun-2025 18:06:22 Asia/Shanghai] Step increased to: 2
[27-Jun-2025 18:06:23 Asia/Shanghai] Next step clicked. Current step: 2
[27-Jun-2025 18:06:23 Asia/Shanghai] Step increased to: 3
[27-Jun-2025 18:06:37 Asia/Shanghai] API Error: SQLSTATE[HY000] [2002] Permission denied
[27-Jun-2025 18:13:05 Asia/Shanghai] Next step clicked. Current step: 1
[27-Jun-2025 18:13:05 Asia/Shanghai] Step increased to: 2
[27-Jun-2025 18:13:07 Asia/Shanghai] Next step clicked. Current step: 2
[27-Jun-2025 18:13:07 Asia/Shanghai] Step increased to: 4
[27-Jun-2025 18:32:14 Asia/Shanghai] API Status: 1
[27-Jun-2025 18:32:14 Asia/Shanghai] API Status: 1
[27-Jun-2025 18:33:38 Asia/Shanghai] API Status: 1
[27-Jun-2025 18:33:38 Asia/Shanghai] API Status: 1
[27-Jun-2025 18:33:53 Asia/Shanghai] API Status: 1
[27-Jun-2025 18:33:53 Asia/Shanghai] API Status: 1
[27-Jun-2025 18:34:00 Asia/Shanghai] API Status: 1
[27-Jun-2025 18:34:00 Asia/Shanghai] API Status: 1
[27-Jun-2025 18:36:57 Asia/Shanghai] API Status: 1
[27-Jun-2025 18:37:40 Asia/Shanghai] API Status: 1
[27-Jun-2025 18:43:35 Asia/Shanghai] API Status: 1
[27-Jun-2025 18:44:04 Asia/Shanghai] API Status: 1
[27-Jun-2025 18:44:53 Asia/Shanghai] API Status: 1
[27-Jun-2025 18:45:07 Asia/Shanghai] API Status: 1
[27-Jun-2025 18:45:07 Asia/Shanghai] API Status: 1
[27-Jun-2025 18:45:22 Asia/Shanghai] API Status: 1
[27-Jun-2025 18:45:22 Asia/Shanghai] API Status: 1
[27-Jun-2025 19:50:48 Asia/Shanghai] Next step clicked. Current step: 1
[27-Jun-2025 19:50:48 Asia/Shanghai] Step increased to: 2
[27-Jun-2025 19:50:50 Asia/Shanghai] Next step clicked. Current step: 2
[27-Jun-2025 19:50:50 Asia/Shanghai] Step increased to: 4
[27-Jun-2025 19:58:05 Asia/Shanghai] Next step clicked. Current step: 1
[27-Jun-2025 19:58:05 Asia/Shanghai] Step increased to: 2
[27-Jun-2025 19:58:07 Asia/Shanghai] Next step clicked. Current step: 2
[27-Jun-2025 19:58:07 Asia/Shanghai] Step increased to: 4
[27-Jun-2025 19:59:10 Asia/Shanghai] API Status: 0
[27-Jun-2025 19:59:10 Asia/Shanghai] API Status: 0
[27-Jun-2025 19:59:48 Asia/Shanghai] API Status: 1
[27-Jun-2025 19:59:48 Asia/Shanghai] API Status: 1
[27-Jun-2025 19:59:54 Asia/Shanghai] API Status: 1
[27-Jun-2025 19:59:54 Asia/Shanghai] API Status: 1
[27-Jun-2025 19:59:57 Asia/Shanghai] API Status: 1
[27-Jun-2025 19:59:57 Asia/Shanghai] API Status: 1
[27-Jun-2025 20:03:52 Asia/Shanghai] Next step clicked. Current step: 1
[27-Jun-2025 20:03:52 Asia/Shanghai] Step increased to: 2
[27-Jun-2025 20:03:54 Asia/Shanghai] Next step clicked. Current step: 2
[27-Jun-2025 20:03:54 Asia/Shanghai] Step increased to: 4
[28-Jun-2025 14:27:52 Asia/Shanghai] Next step clicked. Current step: 1
[28-Jun-2025 14:27:52 Asia/Shanghai] Step increased to: 2
[28-Jun-2025 14:27:55 Asia/Shanghai] Next step clicked. Current step: 2
[28-Jun-2025 14:27:55 Asia/Shanghai] Step increased to: 4
[28-Jun-2025 14:46:23 Asia/Shanghai] API Status: 1
[28-Jun-2025 14:46:23 Asia/Shanghai] API Status: 1
[28-Jun-2025 14:47:15 Asia/Shanghai] API Status: 1
[28-Jun-2025 14:47:15 Asia/Shanghai] API Status: 1
[29-Jun-2025 17:45:03 Asia/Shanghai] Next step clicked. Current step: 1
[29-Jun-2025 17:45:03 Asia/Shanghai] Step increased to: 2
[29-Jun-2025 17:45:05 Asia/Shanghai] Next step clicked. Current step: 2
[29-Jun-2025 17:45:05 Asia/Shanghai] Step increased to: 4
[29-Jun-2025 18:01:16 Asia/Shanghai] Next step clicked. Current step: 1
[29-Jun-2025 18:01:16 Asia/Shanghai] Step increased to: 2
[29-Jun-2025 18:01:17 Asia/Shanghai] Next step clicked. Current step: 2
[29-Jun-2025 18:01:17 Asia/Shanghai] Step increased to: 4
[29-Jun-2025 18:03:37 Asia/Shanghai] API Status: 1
[29-Jun-2025 18:03:37 Asia/Shanghai] API Status: 1
[29-Jun-2025 22:41:05 Asia/Shanghai] Next step clicked. Current step: 1
[29-Jun-2025 22:41:05 Asia/Shanghai] Step increased to: 2
[29-Jun-2025 22:41:07 Asia/Shanghai] Next step clicked. Current step: 2
[29-Jun-2025 22:41:07 Asia/Shanghai] Step increased to: 4
[29-Jun-2025 22:41:48 Asia/Shanghai] API Status: 0
[29-Jun-2025 22:41:48 Asia/Shanghai] API Status: 0
[29-Jun-2025 22:41:48 Asia/Shanghai] API Status: 0
[29-Jun-2025 22:41:48 Asia/Shanghai] API Status: 0
[29-Jun-2025 22:41:48 Asia/Shanghai] API Status: 0
[29-Jun-2025 22:41:48 Asia/Shanghai] API Status: 0
[29-Jun-2025 22:41:48 Asia/Shanghai] API Status: 0
[29-Jun-2025 22:43:40 Asia/Shanghai] API Status: 0
[29-Jun-2025 22:53:32 Asia/Shanghai] Next step clicked. Current step: 1
[29-Jun-2025 22:53:32 Asia/Shanghai] Step increased to: 2
[29-Jun-2025 22:53:34 Asia/Shanghai] Next step clicked. Current step: 2
[29-Jun-2025 22:53:34 Asia/Shanghai] Step increased to: 4
[29-Jun-2025 22:53:39 Asia/Shanghai] PHP Warning:  Undefined variable $table。请确保用户具有删除表的权限。 in /var/www/html/install/index.php on line 153
[29-Jun-2025 22:54:34 Asia/Shanghai] Next step clicked. Current step: 1
[29-Jun-2025 22:54:34 Asia/Shanghai] Step increased to: 2
[29-Jun-2025 22:54:36 Asia/Shanghai] Next step clicked. Current step: 2
[29-Jun-2025 22:54:36 Asia/Shanghai] Step increased to: 4
[29-Jun-2025 22:54:41 Asia/Shanghai] API Status: 0
[29-Jun-2025 22:54:41 Asia/Shanghai] API Status: 0
[29-Jun-2025 22:54:41 Asia/Shanghai] API Status: 0
[29-Jun-2025 22:54:41 Asia/Shanghai] API Status: 0
[29-Jun-2025 22:54:41 Asia/Shanghai] API Status: 0
[29-Jun-2025 22:54:41 Asia/Shanghai] API Status: 0
[29-Jun-2025 22:54:41 Asia/Shanghai] API Status: 0
[29-Jun-2025 22:54:46 Asia/Shanghai] PHP Warning:  Undefined variable $table。请确保用户具有删除表的权限。 in /var/www/html/install/index.php on line 153
[29-Jun-2025 22:55:16 Asia/Shanghai] API Status: 0
[29-Jun-2025 22:55:43 Asia/Shanghai] API Status: 0
[29-Jun-2025 23:24:34 Asia/Shanghai] PHP Warning:  Undefined variable $filter_query in /var/www/html/home/index.php on line 1420
[29-Jun-2025 23:24:34 Asia/Shanghai] PHP Warning:  Undefined variable $filter_query in /var/www/html/home/index.php on line 1420
[29-Jun-2025 23:24:34 Asia/Shanghai] PHP Warning:  Undefined variable $filter_query in /var/www/html/home/index.php on line 1420
[29-Jun-2025 23:24:34 Asia/Shanghai] PHP Warning:  Undefined variable $filter_query in /var/www/html/home/index.php on line 1420
[29-Jun-2025 23:24:53 Asia/Shanghai] PHP Warning:  Undefined variable $filter_query in /var/www/html/home/index.php on line 1420
[29-Jun-2025 23:24:53 Asia/Shanghai] PHP Warning:  Undefined variable $filter_query in /var/www/html/home/index.php on line 1420
[29-Jun-2025 23:24:53 Asia/Shanghai] PHP Warning:  Undefined variable $filter_query in /var/www/html/home/index.php on line 1420
[29-Jun-2025 23:24:53 Asia/Shanghai] PHP Warning:  Undefined variable $filter_query in /var/www/html/home/index.php on line 1420
[29-Jun-2025 23:25:15 Asia/Shanghai] PHP Warning:  Undefined variable $filter_query in /var/www/html/home/index.php on line 1420
[29-Jun-2025 23:25:15 Asia/Shanghai] PHP Warning:  Undefined variable $filter_query in /var/www/html/home/index.php on line 1420
[29-Jun-2025 23:25:15 Asia/Shanghai] PHP Warning:  Undefined variable $filter_query in /var/www/html/home/index.php on line 1420
[29-Jun-2025 23:25:15 Asia/Shanghai] PHP Warning:  Undefined variable $filter_query in /var/www/html/home/index.php on line 1420
[29-Jun-2025 23:25:32 Asia/Shanghai] PHP Warning:  Undefined variable $filter_query in /var/www/html/home/index.php on line 1420
[29-Jun-2025 23:25:32 Asia/Shanghai] PHP Warning:  Undefined variable $filter_query in /var/www/html/home/index.php on line 1420
[29-Jun-2025 23:25:32 Asia/Shanghai] PHP Warning:  Undefined variable $filter_query in /var/www/html/home/index.php on line 1420
[29-Jun-2025 23:25:32 Asia/Shanghai] PHP Warning:  Undefined variable $filter_query in /var/www/html/home/index.php on line 1420
[29-Jun-2025 23:25:47 Asia/Shanghai] PHP Warning:  Undefined variable $filter_query in /var/www/html/home/index.php on line 1420
[29-Jun-2025 23:25:47 Asia/Shanghai] PHP Warning:  Undefined variable $filter_query in /var/www/html/home/index.php on line 1420
[29-Jun-2025 23:25:47 Asia/Shanghai] PHP Warning:  Undefined variable $filter_query in /var/www/html/home/index.php on line 1420
[29-Jun-2025 23:25:47 Asia/Shanghai] PHP Warning:  Undefined variable $filter_query in /var/www/html/home/index.php on line 1420
[29-Jun-2025 23:25:57 Asia/Shanghai] PHP Warning:  Undefined variable $filter_query in /var/www/html/home/index.php on line 1420
[29-Jun-2025 23:25:57 Asia/Shanghai] PHP Warning:  Undefined variable $filter_query in /var/www/html/home/index.php on line 1420
[29-Jun-2025 23:25:57 Asia/Shanghai] PHP Warning:  Undefined variable $filter_query in /var/www/html/home/index.php on line 1420
[29-Jun-2025 23:25:57 Asia/Shanghai] PHP Warning:  Undefined variable $filter_query in /var/www/html/home/index.php on line 1420
[29-Jun-2025 23:26:15 Asia/Shanghai] PHP Warning:  Undefined variable $filter_query in /var/www/html/home/index.php on line 1420
[29-Jun-2025 23:26:15 Asia/Shanghai] PHP Warning:  Undefined variable $filter_query in /var/www/html/home/index.php on line 1420
[29-Jun-2025 23:26:15 Asia/Shanghai] PHP Warning:  Undefined variable $filter_query in /var/www/html/home/index.php on line 1420
[29-Jun-2025 23:26:15 Asia/Shanghai] PHP Warning:  Undefined variable $filter_query in /var/www/html/home/index.php on line 1420
[29-Jun-2025 23:26:20 Asia/Shanghai] PHP Warning:  Undefined variable $filter_query in /var/www/html/home/index.php on line 1420
[29-Jun-2025 23:26:20 Asia/Shanghai] PHP Warning:  Undefined variable $filter_query in /var/www/html/home/index.php on line 1420
[29-Jun-2025 23:26:20 Asia/Shanghai] PHP Warning:  Undefined variable $filter_query in /var/www/html/home/index.php on line 1420
[29-Jun-2025 23:26:20 Asia/Shanghai] PHP Warning:  Undefined variable $filter_query in /var/www/html/home/index.php on line 1420
[29-Jun-2025 23:26:34 Asia/Shanghai] PHP Warning:  Undefined variable $filter_query in /var/www/html/home/index.php on line 1420
[29-Jun-2025 23:26:34 Asia/Shanghai] PHP Warning:  Undefined variable $filter_query in /var/www/html/home/index.php on line 1420
[29-Jun-2025 23:26:34 Asia/Shanghai] PHP Warning:  Undefined variable $filter_query in /var/www/html/home/index.php on line 1420
[29-Jun-2025 23:26:34 Asia/Shanghai] PHP Warning:  Undefined variable $filter_query in /var/www/html/home/index.php on line 1420
[29-Jun-2025 23:31:48 Asia/Shanghai] PHP Warning:  Undefined variable $filter_query in /var/www/html/home/index.php on line 1420
[29-Jun-2025 23:31:48 Asia/Shanghai] PHP Warning:  Undefined variable $filter_query in /var/www/html/home/index.php on line 1420
[29-Jun-2025 23:31:48 Asia/Shanghai] PHP Warning:  Undefined variable $filter_query in /var/www/html/home/index.php on line 1420
[29-Jun-2025 23:31:48 Asia/Shanghai] PHP Warning:  Undefined variable $filter_query in /var/www/html/home/index.php on line 1420
[29-Jun-2025 23:32:01 Asia/Shanghai] PHP Warning:  Undefined variable $filter_query in /var/www/html/home/index.php on line 1420
[29-Jun-2025 23:32:01 Asia/Shanghai] PHP Warning:  Undefined variable $filter_query in /var/www/html/home/index.php on line 1420
[29-Jun-2025 23:32:01 Asia/Shanghai] PHP Warning:  Undefined variable $filter_query in /var/www/html/home/index.php on line 1420
[29-Jun-2025 23:32:01 Asia/Shanghai] PHP Warning:  Undefined variable $filter_query in /var/www/html/home/index.php on line 1420
[29-Jun-2025 23:42:25 Asia/Shanghai] PHP Warning:  Undefined variable $filter_query in /var/www/html/home/index.php on line 1420
[29-Jun-2025 23:42:25 Asia/Shanghai] PHP Warning:  Undefined variable $filter_query in /var/www/html/home/index.php on line 1420
[29-Jun-2025 23:42:25 Asia/Shanghai] PHP Warning:  Undefined variable $filter_query in /var/www/html/home/index.php on line 1420
[29-Jun-2025 23:42:25 Asia/Shanghai] PHP Warning:  Undefined variable $filter_query in /var/www/html/home/index.php on line 1420
[29-Jun-2025 23:42:34 Asia/Shanghai] PHP Warning:  Undefined variable $filter_query in /var/www/html/home/index.php on line 1420
[29-Jun-2025 23:42:34 Asia/Shanghai] PHP Warning:  Undefined variable $filter_query in /var/www/html/home/index.php on line 1420
[29-Jun-2025 23:42:34 Asia/Shanghai] PHP Warning:  Undefined variable $filter_query in /var/www/html/home/index.php on line 1420
[29-Jun-2025 23:42:34 Asia/Shanghai] PHP Warning:  Undefined variable $filter_query in /var/www/html/home/index.php on line 1420
[29-Jun-2025 23:54:57 Asia/Shanghai] PHP Warning:  Undefined variable $filter_query in /var/www/html/home/index.php on line 1420
[29-Jun-2025 23:54:57 Asia/Shanghai] PHP Warning:  Undefined variable $filter_query in /var/www/html/home/index.php on line 1420
[29-Jun-2025 23:54:57 Asia/Shanghai] PHP Warning:  Undefined variable $filter_query in /var/www/html/home/index.php on line 1420
[29-Jun-2025 23:54:57 Asia/Shanghai] PHP Warning:  Undefined variable $filter_query in /var/www/html/home/index.php on line 1420
[29-Jun-2025 23:55:10 Asia/Shanghai] PHP Warning:  Undefined variable $filter_query in /var/www/html/home/index.php on line 1420
[29-Jun-2025 23:55:10 Asia/Shanghai] PHP Warning:  Undefined variable $filter_query in /var/www/html/home/index.php on line 1420
[29-Jun-2025 23:55:10 Asia/Shanghai] PHP Warning:  Undefined variable $filter_query in /var/www/html/home/index.php on line 1420
[29-Jun-2025 23:55:10 Asia/Shanghai] PHP Warning:  Undefined variable $filter_query in /var/www/html/home/index.php on line 1420
[29-Jun-2025 23:55:24 Asia/Shanghai] PHP Warning:  Undefined variable $filter_query in /var/www/html/home/index.php on line 1420
[29-Jun-2025 23:55:24 Asia/Shanghai] PHP Warning:  Undefined variable $filter_query in /var/www/html/home/index.php on line 1420
[29-Jun-2025 23:55:24 Asia/Shanghai] PHP Warning:  Undefined variable $filter_query in /var/www/html/home/index.php on line 1420
[29-Jun-2025 23:55:24 Asia/Shanghai] PHP Warning:  Undefined variable $filter_query in /var/www/html/home/index.php on line 1420
[29-Jun-2025 23:55:26 Asia/Shanghai] PHP Warning:  Undefined variable $filter_query in /var/www/html/home/index.php on line 1420
[29-Jun-2025 23:55:26 Asia/Shanghai] PHP Warning:  Undefined variable $filter_query in /var/www/html/home/index.php on line 1420
[29-Jun-2025 23:55:26 Asia/Shanghai] PHP Warning:  Undefined variable $filter_query in /var/www/html/home/index.php on line 1420
[29-Jun-2025 23:55:26 Asia/Shanghai] PHP Warning:  Undefined variable $filter_query in /var/www/html/home/index.php on line 1420
[30-Jun-2025 00:14:22 Asia/Shanghai] PHP Warning:  Undefined variable $filter_query in /var/www/html/home/index.php on line 1420
[30-Jun-2025 00:14:22 Asia/Shanghai] PHP Warning:  Undefined variable $filter_query in /var/www/html/home/index.php on line 1420
[30-Jun-2025 00:14:22 Asia/Shanghai] PHP Warning:  Undefined variable $filter_query in /var/www/html/home/index.php on line 1420
[30-Jun-2025 00:14:22 Asia/Shanghai] PHP Warning:  Undefined variable $filter_query in /var/www/html/home/index.php on line 1420
[30-Jun-2025 00:14:42 Asia/Shanghai] PHP Warning:  Undefined variable $filter_query in /var/www/html/home/index.php on line 1420
[30-Jun-2025 00:14:42 Asia/Shanghai] PHP Warning:  Undefined variable $filter_query in /var/www/html/home/index.php on line 1420
[30-Jun-2025 00:14:42 Asia/Shanghai] PHP Warning:  Undefined variable $filter_query in /var/www/html/home/index.php on line 1420
[30-Jun-2025 00:14:42 Asia/Shanghai] PHP Warning:  Undefined variable $filter_query in /var/www/html/home/index.php on line 1420
[30-Jun-2025 00:14:46 Asia/Shanghai] PHP Warning:  Undefined variable $filter_query in /var/www/html/home/index.php on line 1420
[30-Jun-2025 00:14:46 Asia/Shanghai] PHP Warning:  Undefined variable $filter_query in /var/www/html/home/index.php on line 1420
[30-Jun-2025 00:14:46 Asia/Shanghai] PHP Warning:  Undefined variable $filter_query in /var/www/html/home/index.php on line 1420
[30-Jun-2025 00:14:46 Asia/Shanghai] PHP Warning:  Undefined variable $filter_query in /var/www/html/home/index.php on line 1420
[30-Jun-2025 00:15:34 Asia/Shanghai] PHP Warning:  Undefined variable $filter_query in /var/www/html/home/index.php on line 1420
[30-Jun-2025 00:15:34 Asia/Shanghai] PHP Warning:  Undefined variable $filter_query in /var/www/html/home/index.php on line 1420
[30-Jun-2025 00:15:34 Asia/Shanghai] PHP Warning:  Undefined variable $filter_query in /var/www/html/home/index.php on line 1420
[30-Jun-2025 00:15:34 Asia/Shanghai] PHP Warning:  Undefined variable $filter_query in /var/www/html/home/index.php on line 1420
[30-Jun-2025 00:15:37 Asia/Shanghai] PHP Warning:  Undefined variable $filter_query in /var/www/html/home/index.php on line 1420
[30-Jun-2025 00:15:37 Asia/Shanghai] PHP Warning:  Undefined variable $filter_query in /var/www/html/home/index.php on line 1420
[30-Jun-2025 00:15:37 Asia/Shanghai] PHP Warning:  Undefined variable $filter_query in /var/www/html/home/index.php on line 1420
[30-Jun-2025 00:15:37 Asia/Shanghai] PHP Warning:  Undefined variable $filter_query in /var/www/html/home/index.php on line 1420
[30-Jun-2025 00:16:15 Asia/Shanghai] PHP Warning:  Undefined variable $filter_query in /var/www/html/home/index.php on line 1420
[30-Jun-2025 00:16:15 Asia/Shanghai] PHP Warning:  Undefined variable $filter_query in /var/www/html/home/index.php on line 1420
[30-Jun-2025 00:16:15 Asia/Shanghai] PHP Warning:  Undefined variable $filter_query in /var/www/html/home/index.php on line 1420
[30-Jun-2025 00:16:15 Asia/Shanghai] PHP Warning:  Undefined variable $filter_query in /var/www/html/home/index.php on line 1420
[30-Jun-2025 00:16:21 Asia/Shanghai] PHP Warning:  Undefined variable $filter_query in /var/www/html/home/index.php on line 1420
[30-Jun-2025 00:16:21 Asia/Shanghai] PHP Warning:  Undefined variable $filter_query in /var/www/html/home/index.php on line 1420
[30-Jun-2025 00:16:21 Asia/Shanghai] PHP Warning:  Undefined variable $filter_query in /var/www/html/home/index.php on line 1420
[30-Jun-2025 00:16:21 Asia/Shanghai] PHP Warning:  Undefined variable $filter_query in /var/www/html/home/index.php on line 1420
[30-Jun-2025 00:16:28 Asia/Shanghai] PHP Warning:  Undefined variable $filter_query in /var/www/html/home/index.php on line 1420
[30-Jun-2025 00:16:28 Asia/Shanghai] PHP Warning:  Undefined variable $filter_query in /var/www/html/home/index.php on line 1420
[30-Jun-2025 00:16:28 Asia/Shanghai] PHP Warning:  Undefined variable $filter_query in /var/www/html/home/index.php on line 1420
[30-Jun-2025 00:16:28 Asia/Shanghai] PHP Warning:  Undefined variable $filter_query in /var/www/html/home/index.php on line 1420
[30-Jun-2025 00:16:34 Asia/Shanghai] PHP Warning:  Undefined variable $filter_query in /var/www/html/home/index.php on line 1420
[30-Jun-2025 00:16:34 Asia/Shanghai] PHP Warning:  Undefined variable $filter_query in /var/www/html/home/index.php on line 1420
[30-Jun-2025 00:16:34 Asia/Shanghai] PHP Warning:  Undefined variable $filter_query in /var/www/html/home/index.php on line 1420
[30-Jun-2025 00:16:34 Asia/Shanghai] PHP Warning:  Undefined variable $filter_query in /var/www/html/home/index.php on line 1420
[30-Jun-2025 00:16:51 Asia/Shanghai] PHP Warning:  Undefined variable $filter_query in /var/www/html/home/index.php on line 1420
[30-Jun-2025 00:16:51 Asia/Shanghai] PHP Warning:  Undefined variable $filter_query in /var/www/html/home/index.php on line 1420
[30-Jun-2025 00:16:51 Asia/Shanghai] PHP Warning:  Undefined variable $filter_query in /var/www/html/home/index.php on line 1420
[30-Jun-2025 00:16:51 Asia/Shanghai] PHP Warning:  Undefined variable $filter_query in /var/www/html/home/index.php on line 1420
[30-Jun-2025 00:19:26 Asia/Shanghai] PHP Warning:  Undefined variable $filter_query in /var/www/html/home/index.php on line 1420
[30-Jun-2025 00:19:26 Asia/Shanghai] PHP Warning:  Undefined variable $filter_query in /var/www/html/home/index.php on line 1420
[30-Jun-2025 00:19:26 Asia/Shanghai] PHP Warning:  Undefined variable $filter_query in /var/www/html/home/index.php on line 1420
[30-Jun-2025 00:19:26 Asia/Shanghai] PHP Warning:  Undefined variable $filter_query in /var/www/html/home/index.php on line 1420
[30-Jun-2025 00:19:29 Asia/Shanghai] PHP Warning:  Undefined variable $filter_query in /var/www/html/home/index.php on line 1420
[30-Jun-2025 00:19:29 Asia/Shanghai] PHP Warning:  Undefined variable $filter_query in /var/www/html/home/index.php on line 1420
[30-Jun-2025 00:19:29 Asia/Shanghai] PHP Warning:  Undefined variable $filter_query in /var/www/html/home/index.php on line 1420
[30-Jun-2025 00:19:29 Asia/Shanghai] PHP Warning:  Undefined variable $filter_query in /var/www/html/home/index.php on line 1420
[30-Jun-2025 00:20:19 Asia/Shanghai] PHP Warning:  Undefined variable $filter_query in /var/www/html/home/index.php on line 1420
[30-Jun-2025 00:20:19 Asia/Shanghai] PHP Warning:  Undefined variable $filter_query in /var/www/html/home/index.php on line 1420
[30-Jun-2025 00:20:19 Asia/Shanghai] PHP Warning:  Undefined variable $filter_query in /var/www/html/home/index.php on line 1420
[30-Jun-2025 00:20:19 Asia/Shanghai] PHP Warning:  Undefined variable $filter_query in /var/www/html/home/index.php on line 1420
[30-Jun-2025 00:20:23 Asia/Shanghai] PHP Warning:  Undefined variable $filter_query in /var/www/html/home/index.php on line 1420
[30-Jun-2025 00:20:23 Asia/Shanghai] PHP Warning:  Undefined variable $filter_query in /var/www/html/home/index.php on line 1420
[30-Jun-2025 00:20:23 Asia/Shanghai] PHP Warning:  Undefined variable $filter_query in /var/www/html/home/index.php on line 1420
[30-Jun-2025 00:20:23 Asia/Shanghai] PHP Warning:  Undefined variable $filter_query in /var/www/html/home/index.php on line 1420
[30-Jun-2025 00:35:05 Asia/Shanghai] PHP Warning:  Undefined variable $filter_query in /var/www/html/home/index.php on line 1417
[30-Jun-2025 00:35:05 Asia/Shanghai] PHP Warning:  Undefined variable $filter_query in /var/www/html/home/index.php on line 1417
[30-Jun-2025 00:35:05 Asia/Shanghai] PHP Warning:  Undefined variable $filter_query in /var/www/html/home/index.php on line 1417
[30-Jun-2025 00:35:05 Asia/Shanghai] PHP Warning:  Undefined variable $filter_query in /var/www/html/home/index.php on line 1417
[30-Jun-2025 00:35:24 Asia/Shanghai] PHP Warning:  Undefined variable $filter_query in /var/www/html/home/index.php on line 1417
[30-Jun-2025 00:35:24 Asia/Shanghai] PHP Warning:  Undefined variable $filter_query in /var/www/html/home/index.php on line 1417
[30-Jun-2025 00:35:24 Asia/Shanghai] PHP Warning:  Undefined variable $filter_query in /var/www/html/home/index.php on line 1417
[30-Jun-2025 00:35:24 Asia/Shanghai] PHP Warning:  Undefined variable $filter_query in /var/www/html/home/index.php on line 1417
[30-Jun-2025 00:35:28 Asia/Shanghai] PHP Warning:  Undefined variable $filter_query in /var/www/html/home/index.php on line 1417
[30-Jun-2025 00:35:28 Asia/Shanghai] PHP Warning:  Undefined variable $filter_query in /var/www/html/home/index.php on line 1417
[30-Jun-2025 00:35:28 Asia/Shanghai] PHP Warning:  Undefined variable $filter_query in /var/www/html/home/index.php on line 1417
[30-Jun-2025 00:35:28 Asia/Shanghai] PHP Warning:  Undefined variable $filter_query in /var/www/html/home/index.php on line 1417
[30-Jun-2025 00:36:39 Asia/Shanghai] PHP Warning:  Undefined variable $filter_query in /var/www/html/home/index.php on line 1417
[30-Jun-2025 00:36:39 Asia/Shanghai] PHP Warning:  Undefined variable $filter_query in /var/www/html/home/index.php on line 1417
[30-Jun-2025 00:36:39 Asia/Shanghai] PHP Warning:  Undefined variable $filter_query in /var/www/html/home/index.php on line 1417
[30-Jun-2025 00:36:39 Asia/Shanghai] PHP Warning:  Undefined variable $filter_query in /var/www/html/home/index.php on line 1417
[30-Jun-2025 00:37:17 Asia/Shanghai] PHP Warning:  Undefined variable $filter_query in /var/www/html/home/index.php on line 1417
[30-Jun-2025 00:37:17 Asia/Shanghai] PHP Warning:  Undefined variable $filter_query in /var/www/html/home/index.php on line 1417
[30-Jun-2025 00:37:17 Asia/Shanghai] PHP Warning:  Undefined variable $filter_query in /var/www/html/home/index.php on line 1417
[30-Jun-2025 00:37:17 Asia/Shanghai] PHP Warning:  Undefined variable $filter_query in /var/www/html/home/index.php on line 1417
[30-Jun-2025 00:37:23 Asia/Shanghai] PHP Warning:  Undefined variable $filter_query in /var/www/html/home/index.php on line 1417
[30-Jun-2025 00:37:23 Asia/Shanghai] PHP Warning:  Undefined variable $filter_query in /var/www/html/home/index.php on line 1417
[30-Jun-2025 00:37:23 Asia/Shanghai] PHP Warning:  Undefined variable $filter_query in /var/www/html/home/index.php on line 1417
[30-Jun-2025 00:37:23 Asia/Shanghai] PHP Warning:  Undefined variable $filter_query in /var/www/html/home/index.php on line 1417
[30-Jun-2025 00:37:59 Asia/Shanghai] PHP Warning:  Undefined variable $filter_query in /var/www/html/home/index.php on line 1417
[30-Jun-2025 00:37:59 Asia/Shanghai] PHP Warning:  Undefined variable $filter_query in /var/www/html/home/index.php on line 1417
[30-Jun-2025 00:37:59 Asia/Shanghai] PHP Warning:  Undefined variable $filter_query in /var/www/html/home/index.php on line 1417
[30-Jun-2025 00:37:59 Asia/Shanghai] PHP Warning:  Undefined variable $filter_query in /var/www/html/home/index.php on line 1417
[30-Jun-2025 00:46:25 Asia/Shanghai] API Status: 0
[30-Jun-2025 00:46:25 Asia/Shanghai] API Status: 0
[30-Jun-2025 00:46:25 Asia/Shanghai] API Status: 0
[30-Jun-2025 00:46:28 Asia/Shanghai] API Status: 0
[30-Jun-2025 00:46:28 Asia/Shanghai] API Status: 0
[30-Jun-2025 00:46:28 Asia/Shanghai] API Status: 0
[30-Jun-2025 00:46:28 Asia/Shanghai] API Status: 0
[30-Jun-2025 00:46:28 Asia/Shanghai] API Status: 0
[30-Jun-2025 00:46:28 Asia/Shanghai] API Status: 0
[30-Jun-2025 00:46:28 Asia/Shanghai] API Status: 0
[30-Jun-2025 00:46:28 Asia/Shanghai] API Status: 0
[30-Jun-2025 00:46:28 Asia/Shanghai] API Status: 0
[30-Jun-2025 00:46:28 Asia/Shanghai] API Status: 0
[30-Jun-2025 00:46:28 Asia/Shanghai] API Status: 0
[30-Jun-2025 00:46:28 Asia/Shanghai] API Status: 0
[30-Jun-2025 00:46:28 Asia/Shanghai] API Status: 0
[30-Jun-2025 00:46:28 Asia/Shanghai] API Status: 0
[30-Jun-2025 00:46:28 Asia/Shanghai] API Status: 0
[30-Jun-2025 00:46:28 Asia/Shanghai] API Status: 0
[30-Jun-2025 00:46:28 Asia/Shanghai] API Status: 0
[30-Jun-2025 00:46:35 Asia/Shanghai] PHP Warning:  Undefined variable $filter_query in /var/www/html/home/index.php on line 1417
[30-Jun-2025 00:46:35 Asia/Shanghai] PHP Warning:  Undefined variable $filter_query in /var/www/html/home/index.php on line 1417
[30-Jun-2025 00:46:35 Asia/Shanghai] PHP Warning:  Undefined variable $filter_query in /var/www/html/home/index.php on line 1417
[30-Jun-2025 00:46:35 Asia/Shanghai] PHP Warning:  Undefined variable $filter_query in /var/www/html/home/index.php on line 1417
[30-Jun-2025 00:46:49 Asia/Shanghai] API Status: 0
[30-Jun-2025 00:46:49 Asia/Shanghai] API Status: 0
[30-Jun-2025 00:46:49 Asia/Shanghai] API Status: 0
[30-Jun-2025 00:46:52 Asia/Shanghai] API Status: 0
[30-Jun-2025 00:46:52 Asia/Shanghai] API Status: 0
[30-Jun-2025 00:46:52 Asia/Shanghai] API Status: 0
[30-Jun-2025 00:46:52 Asia/Shanghai] API Status: 0
[30-Jun-2025 00:46:52 Asia/Shanghai] API Status: 0
[30-Jun-2025 00:46:52 Asia/Shanghai] API Status: 0
[30-Jun-2025 00:46:52 Asia/Shanghai] API Status: 0
[30-Jun-2025 00:46:52 Asia/Shanghai] API Status: 0
[30-Jun-2025 00:46:52 Asia/Shanghai] API Status: 0
[30-Jun-2025 00:46:52 Asia/Shanghai] API Status: 0
[30-Jun-2025 00:46:52 Asia/Shanghai] API Status: 0
[30-Jun-2025 00:46:52 Asia/Shanghai] API Status: 0
[30-Jun-2025 00:46:52 Asia/Shanghai] API Status: 0
[30-Jun-2025 00:46:52 Asia/Shanghai] API Status: 0
[30-Jun-2025 00:46:52 Asia/Shanghai] API Status: 0
[30-Jun-2025 00:46:52 Asia/Shanghai] API Status: 0
[30-Jun-2025 00:46:52 Asia/Shanghai] API Status: 0
[30-Jun-2025 00:47:29 Asia/Shanghai] API Status: 1
[30-Jun-2025 00:47:29 Asia/Shanghai] API Status: 1
[30-Jun-2025 00:47:29 Asia/Shanghai] API Status: 1
[30-Jun-2025 00:47:32 Asia/Shanghai] API Status: 1
[30-Jun-2025 00:47:32 Asia/Shanghai] API Status: 1
[30-Jun-2025 00:47:32 Asia/Shanghai] API Status: 1
[30-Jun-2025 00:47:32 Asia/Shanghai] API Status: 1
[30-Jun-2025 00:47:32 Asia/Shanghai] API Status: 1
[30-Jun-2025 00:47:32 Asia/Shanghai] API Status: 1
[30-Jun-2025 00:47:32 Asia/Shanghai] API Status: 1
[30-Jun-2025 00:47:32 Asia/Shanghai] API Status: 1
[30-Jun-2025 00:47:32 Asia/Shanghai] API Status: 1
[30-Jun-2025 00:47:32 Asia/Shanghai] API Status: 1
[30-Jun-2025 00:47:32 Asia/Shanghai] API Status: 1
[30-Jun-2025 00:47:32 Asia/Shanghai] API Status: 1
[30-Jun-2025 00:47:32 Asia/Shanghai] API Status: 1
[30-Jun-2025 00:47:32 Asia/Shanghai] API Status: 1
[30-Jun-2025 00:47:33 Asia/Shanghai] API Status: 1
[30-Jun-2025 00:47:33 Asia/Shanghai] API Status: 1
[30-Jun-2025 00:47:33 Asia/Shanghai] API Status: 1
[30-Jun-2025 00:48:42 Asia/Shanghai] API Status: 1
[30-Jun-2025 00:48:42 Asia/Shanghai] API Status: 1
[30-Jun-2025 00:48:42 Asia/Shanghai] API Status: 1
[30-Jun-2025 00:48:42 Asia/Shanghai] API Status: 1
[30-Jun-2025 00:48:42 Asia/Shanghai] API Status: 1
[30-Jun-2025 00:48:42 Asia/Shanghai] API Status: 1
[30-Jun-2025 00:49:34 Asia/Shanghai] PHP Warning:  Undefined variable $filter_query in /var/www/html/home/index.php on line 1417
[30-Jun-2025 00:49:34 Asia/Shanghai] PHP Warning:  Undefined variable $filter_query in /var/www/html/home/index.php on line 1417
[30-Jun-2025 00:49:34 Asia/Shanghai] PHP Warning:  Undefined variable $filter_query in /var/www/html/home/index.php on line 1417
[30-Jun-2025 00:49:34 Asia/Shanghai] PHP Warning:  Undefined variable $filter_query in /var/www/html/home/index.php on line 1417
[30-Jun-2025 00:49:50 Asia/Shanghai] API Status: 1
[30-Jun-2025 00:50:16 Asia/Shanghai] API Status: 1
[30-Jun-2025 00:50:16 Asia/Shanghai] API Status: 1
[30-Jun-2025 00:50:18 Asia/Shanghai] API Status: 1
[30-Jun-2025 00:50:18 Asia/Shanghai] API Status: 1
[30-Jun-2025 00:50:18 Asia/Shanghai] API Status: 1
[30-Jun-2025 00:50:18 Asia/Shanghai] API Status: 1
[30-Jun-2025 00:50:18 Asia/Shanghai] API Status: 1
[30-Jun-2025 00:50:18 Asia/Shanghai] API Status: 1
[30-Jun-2025 00:50:18 Asia/Shanghai] API Status: 1
[30-Jun-2025 00:50:39 Asia/Shanghai] PHP Warning:  Undefined variable $filter_query in /var/www/html/home/index.php on line 1417
[30-Jun-2025 00:50:39 Asia/Shanghai] PHP Warning:  Undefined variable $filter_query in /var/www/html/home/index.php on line 1417
[30-Jun-2025 00:50:39 Asia/Shanghai] PHP Warning:  Undefined variable $filter_query in /var/www/html/home/index.php on line 1417
[30-Jun-2025 00:50:39 Asia/Shanghai] PHP Warning:  Undefined variable $filter_query in /var/www/html/home/index.php on line 1417
[30-Jun-2025 00:50:45 Asia/Shanghai] PHP Warning:  Undefined variable $filter_query in /var/www/html/home/index.php on line 1417
[30-Jun-2025 00:50:45 Asia/Shanghai] PHP Warning:  Undefined variable $filter_query in /var/www/html/home/index.php on line 1417
[30-Jun-2025 00:50:45 Asia/Shanghai] PHP Warning:  Undefined variable $filter_query in /var/www/html/home/index.php on line 1417
[30-Jun-2025 00:50:45 Asia/Shanghai] PHP Warning:  Undefined variable $filter_query in /var/www/html/home/index.php on line 1417
[30-Jun-2025 00:51:03 Asia/Shanghai] API Status: 1
[30-Jun-2025 00:51:03 Asia/Shanghai] API Status: 1
[30-Jun-2025 00:51:03 Asia/Shanghai] API Status: 1
[30-Jun-2025 00:51:04 Asia/Shanghai] API Status: 1
[30-Jun-2025 00:51:04 Asia/Shanghai] API Status: 1
[30-Jun-2025 00:51:04 Asia/Shanghai] API Status: 1
[30-Jun-2025 00:51:04 Asia/Shanghai] API Status: 1
[30-Jun-2025 00:51:04 Asia/Shanghai] API Status: 1
[30-Jun-2025 00:51:04 Asia/Shanghai] API Status: 1
[30-Jun-2025 11:54:25 Asia/Shanghai] API Status: 1
[30-Jun-2025 11:54:28 Asia/Shanghai] API Status: 1
[30-Jun-2025 11:54:28 Asia/Shanghai] API Status: 1
[30-Jun-2025 11:54:28 Asia/Shanghai] API Status: 1
[30-Jun-2025 11:54:28 Asia/Shanghai] API Status: 1
[30-Jun-2025 11:54:28 Asia/Shanghai] API Status: 1
[30-Jun-2025 11:54:28 Asia/Shanghai] API Status: 1
[30-Jun-2025 12:24:46 Asia/Shanghai] PHP Warning:  Undefined variable $filter_query in /var/www/html/home/index.php on line 1417
[30-Jun-2025 12:24:46 Asia/Shanghai] PHP Warning:  Undefined variable $filter_query in /var/www/html/home/index.php on line 1417
[30-Jun-2025 12:24:46 Asia/Shanghai] PHP Warning:  Undefined variable $filter_query in /var/www/html/home/index.php on line 1417
[30-Jun-2025 12:24:46 Asia/Shanghai] PHP Warning:  Undefined variable $filter_query in /var/www/html/home/index.php on line 1417
[30-Jun-2025 12:25:10 Asia/Shanghai] API Status: 1
[30-Jun-2025 12:25:10 Asia/Shanghai] API Status: 1
[30-Jun-2025 12:25:10 Asia/Shanghai] API Status: 1
[30-Jun-2025 12:25:10 Asia/Shanghai] API Status: 1
[30-Jun-2025 12:25:10 Asia/Shanghai] API Status: 1
[30-Jun-2025 12:25:13 Asia/Shanghai] API Status: 1
[30-Jun-2025 12:25:13 Asia/Shanghai] API Status: 1
[30-Jun-2025 12:25:13 Asia/Shanghai] API Status: 1
[30-Jun-2025 12:25:13 Asia/Shanghai] API Status: 1
[30-Jun-2025 12:25:13 Asia/Shanghai] API Status: 1
[30-Jun-2025 12:25:13 Asia/Shanghai] API Status: 1
[30-Jun-2025 12:25:13 Asia/Shanghai] API Status: 1
[30-Jun-2025 12:25:13 Asia/Shanghai] API Status: 1
[30-Jun-2025 12:25:14 Asia/Shanghai] API Status: 1
[30-Jun-2025 12:25:14 Asia/Shanghai] API Status: 1
[30-Jun-2025 12:25:14 Asia/Shanghai] API Status: 1
[30-Jun-2025 12:25:14 Asia/Shanghai] API Status: 1
[30-Jun-2025 12:25:14 Asia/Shanghai] API Status: 1
[30-Jun-2025 12:25:14 Asia/Shanghai] API Status: 1
[30-Jun-2025 12:25:14 Asia/Shanghai] API Status: 1
[30-Jun-2025 12:25:14 Asia/Shanghai] API Status: 1
[30-Jun-2025 12:25:14 Asia/Shanghai] API Status: 1
[30-Jun-2025 12:25:14 Asia/Shanghai] API Status: 1
[30-Jun-2025 12:25:14 Asia/Shanghai] API Status: 1
[30-Jun-2025 12:25:14 Asia/Shanghai] API Status: 1
[30-Jun-2025 12:25:14 Asia/Shanghai] API Status: 1
[30-Jun-2025 12:25:14 Asia/Shanghai] API Status: 1
[30-Jun-2025 12:25:14 Asia/Shanghai] API Status: 1
[30-Jun-2025 12:25:14 Asia/Shanghai] API Status: 1
[30-Jun-2025 12:25:14 Asia/Shanghai] API Status: 1
[30-Jun-2025 12:25:14 Asia/Shanghai] API Status: 1
[30-Jun-2025 12:25:14 Asia/Shanghai] API Status: 1
[30-Jun-2025 12:27:13 Asia/Shanghai] PHP Warning:  Undefined variable $filter_query in /var/www/html/home/index.php on line 1417
[30-Jun-2025 12:27:13 Asia/Shanghai] PHP Warning:  Undefined variable $filter_query in /var/www/html/home/index.php on line 1417
[30-Jun-2025 12:27:13 Asia/Shanghai] PHP Warning:  Undefined variable $filter_query in /var/www/html/home/index.php on line 1417
[30-Jun-2025 12:27:13 Asia/Shanghai] PHP Warning:  Undefined variable $filter_query in /var/www/html/home/index.php on line 1417
[30-Jun-2025 12:27:29 Asia/Shanghai] API Status: 1
[30-Jun-2025 12:27:29 Asia/Shanghai] API Status: 1
[30-Jun-2025 12:27:30 Asia/Shanghai] API Status: 1
[30-Jun-2025 12:27:30 Asia/Shanghai] API Status: 1
[30-Jun-2025 12:27:30 Asia/Shanghai] API Status: 1
[30-Jun-2025 12:27:30 Asia/Shanghai] API Status: 1
[30-Jun-2025 12:27:30 Asia/Shanghai] API Status: 1
[30-Jun-2025 12:28:20 Asia/Shanghai] API Status: 1
[30-Jun-2025 12:28:20 Asia/Shanghai] API Status: 1
[30-Jun-2025 12:28:20 Asia/Shanghai] API Status: 1
[30-Jun-2025 12:28:20 Asia/Shanghai] API Status: 1
[30-Jun-2025 12:28:20 Asia/Shanghai] API Status: 1
[30-Jun-2025 12:28:20 Asia/Shanghai] API Status: 1
[30-Jun-2025 12:28:20 Asia/Shanghai] API Status: 1
[30-Jun-2025 12:56:35 Asia/Shanghai] API Status: 1
[30-Jun-2025 12:56:35 Asia/Shanghai] API Status: 1
[30-Jun-2025 12:56:36 Asia/Shanghai] API Status: 1
[30-Jun-2025 12:56:36 Asia/Shanghai] API Status: 1
[30-Jun-2025 12:56:36 Asia/Shanghai] API Status: 1
[30-Jun-2025 12:56:36 Asia/Shanghai] API Status: 1
[30-Jun-2025 12:56:36 Asia/Shanghai] API Status: 1
[30-Jun-2025 12:58:47 Asia/Shanghai] API Status: 1
[30-Jun-2025 12:58:47 Asia/Shanghai] API Status: 1
[30-Jun-2025 12:58:47 Asia/Shanghai] API Status: 1
[30-Jun-2025 12:58:47 Asia/Shanghai] API Status: 1
[30-Jun-2025 12:58:47 Asia/Shanghai] API Status: 1
[30-Jun-2025 12:58:47 Asia/Shanghai] API Status: 1
[30-Jun-2025 12:58:47 Asia/Shanghai] API Status: 1
[30-Jun-2025 12:58:47 Asia/Shanghai] API Status: 1
[30-Jun-2025 12:58:47 Asia/Shanghai] API Status: 1
[30-Jun-2025 12:58:47 Asia/Shanghai] API Status: 1
[30-Jun-2025 12:58:47 Asia/Shanghai] API Status: 1
[30-Jun-2025 12:58:47 Asia/Shanghai] API Status: 1
[30-Jun-2025 12:58:47 Asia/Shanghai] API Status: 1
